<testsuites id="" name="" tests="552" failures="0" skipped="552" errors="0" time="0.155077">
<testsuite name="ai-integration.spec.ts" timestamp="2025-08-05T04:59:53.613Z" hostname="chromium" tests="13" failures="0" skipped="13" time="0" errors="0">
<testcase name="AI Integration and Zoom-a-Friend Tests › Kiro AI Chat Interface › should provide refactoring assistance" classname="ai-integration.spec.ts" time="0">
<skipped>
</skipped>
</testcase>
<testcase name="AI Integration and Zoom-a-Friend Tests › Kiro AI Chat Interface › should generate unit tests" classname="ai-integration.spec.ts" time="0">
<skipped>
</skipped>
</testcase>
<testcase name="AI Integration and Zoom-a-Friend Tests › Kiro AI Chat Interface › should help implement requirements" classname="ai-integration.spec.ts" time="0">
<skipped>
</skipped>
</testcase>
<testcase name="AI Integration and Zoom-a-Friend Tests › Kiro AI Chat Interface › should maintain conversation context" classname="ai-integration.spec.ts" time="0">
<skipped>
</skipped>
</testcase>
<testcase name="AI Integration and Zoom-a-Friend Tests › Kiro AI Chat Interface › should handle AI service errors gracefully" classname="ai-integration.spec.ts" time="0">
<skipped>
</skipped>
</testcase>
<testcase name="AI Integration and Zoom-a-Friend Tests › Zoom-a-Friend Panel › should display team member selection" classname="ai-integration.spec.ts" time="0">
<skipped>
</skipped>
</testcase>
<testcase name="AI Integration and Zoom-a-Friend Tests › Zoom-a-Friend Panel › should provide QA Pufferfish feedback" classname="ai-integration.spec.ts" time="0">
<skipped>
</skipped>
</testcase>
<testcase name="AI Integration and Zoom-a-Friend Tests › Zoom-a-Friend Panel › should provide Architect Owl advice" classname="ai-integration.spec.ts" time="0">
<skipped>
</skipped>
</testcase>
<testcase name="AI Integration and Zoom-a-Friend Tests › Zoom-a-Friend Panel › should provide Product Owner Pig guidance" classname="ai-integration.spec.ts" time="0">
<skipped>
</skipped>
</testcase>
<testcase name="AI Integration and Zoom-a-Friend Tests › Zoom-a-Friend Panel › should provide Senior Developer Cat best practices" classname="ai-integration.spec.ts" time="0">
<skipped>
</skipped>
</testcase>
<testcase name="AI Integration and Zoom-a-Friend Tests › Zoom-a-Friend Panel › should generate animal-themed dialogs with technical terms" classname="ai-integration.spec.ts" time="0">
<skipped>
</skipped>
</testcase>
<testcase name="AI Integration and Zoom-a-Friend Tests › Zoom-a-Friend Panel › should handle multiple team member interactions" classname="ai-integration.spec.ts" time="0">
<skipped>
</skipped>
</testcase>
<testcase name="AI Integration and Zoom-a-Friend Tests › AI and Zoom-a-Friend Integration › should work together seamlessly" classname="ai-integration.spec.ts" time="0">
<skipped>
</skipped>
</testcase>
</testsuite>
<testsuite name="challenge-workflow.spec.ts" timestamp="2025-08-05T04:59:53.613Z" hostname="chromium" tests="3" failures="0" skipped="3" time="0" errors="0">
<testcase name="Complete Challenge Workflow › should complete full challenge generation and submission workflow" classname="challenge-workflow.spec.ts" time="0">
<skipped>
</skipped>
</testcase>
<testcase name="Complete Challenge Workflow › should handle error scenarios gracefully" classname="challenge-workflow.spec.ts" time="0">
<skipped>
</skipped>
</testcase>
<testcase name="Complete Challenge Workflow › should support keyboard navigation" classname="challenge-workflow.spec.ts" time="0">
<skipped>
</skipped>
</testcase>
</testsuite>
<testsuite name="comprehensive-workflow.spec.ts" timestamp="2025-08-05T04:59:53.613Z" hostname="chromium" tests="5" failures="0" skipped="5" time="0" errors="0">
<testcase name="Comprehensive Application Workflow › should complete full application workflow with performance monitoring" classname="comprehensive-workflow.spec.ts" time="0">
<skipped>
</skipped>
</testcase>
<testcase name="Comprehensive Application Workflow › should handle error scenarios gracefully" classname="comprehensive-workflow.spec.ts" time="0">
<skipped>
</skipped>
</testcase>
<testcase name="Comprehensive Application Workflow › should maintain performance under load" classname="comprehensive-workflow.spec.ts" time="0">
<skipped>
</skipped>
</testcase>
<testcase name="Comprehensive Application Workflow › should work correctly across different challenge types" classname="comprehensive-workflow.spec.ts" time="0">
<skipped>
</skipped>
</testcase>
<testcase name="Comprehensive Application Workflow › should support advanced user interactions" classname="comprehensive-workflow.spec.ts" time="0">
<skipped>
</skipped>
</testcase>
</testsuite>
<testsuite name="cross-browser-compatibility.spec.ts" timestamp="2025-08-05T04:59:53.613Z" hostname="chromium" tests="27" failures="0" skipped="27" time="0" errors="0">
<testcase name="Cross-Browser Compatibility Tests › Chromium Browser Tests › should work correctly in Chromium" classname="cross-browser-compatibility.spec.ts" time="0">
<skipped>
</skipped>
</testcase>
<testcase name="Cross-Browser Compatibility Tests › Chromium Browser Tests › should handle form interactions in Chromium" classname="cross-browser-compatibility.spec.ts" time="0">
<skipped>
</skipped>
</testcase>
<testcase name="Cross-Browser Compatibility Tests › Chromium Browser Tests › should support keyboard navigation in Chromium" classname="cross-browser-compatibility.spec.ts" time="0">
<skipped>
</skipped>
</testcase>
<testcase name="Cross-Browser Compatibility Tests › Chromium Browser Tests › should handle responsive design in Chromium" classname="cross-browser-compatibility.spec.ts" time="0">
<skipped>
</skipped>
</testcase>
<testcase name="Cross-Browser Compatibility Tests › Chromium Browser Tests › should handle error scenarios in Chromium" classname="cross-browser-compatibility.spec.ts" time="0">
<skipped>
</skipped>
</testcase>
<testcase name="Cross-Browser Compatibility Tests › Firefox Browser Tests › should work correctly in Firefox" classname="cross-browser-compatibility.spec.ts" time="0">
<skipped>
</skipped>
</testcase>
<testcase name="Cross-Browser Compatibility Tests › Firefox Browser Tests › should handle form interactions in Firefox" classname="cross-browser-compatibility.spec.ts" time="0">
<skipped>
</skipped>
</testcase>
<testcase name="Cross-Browser Compatibility Tests › Firefox Browser Tests › should support keyboard navigation in Firefox" classname="cross-browser-compatibility.spec.ts" time="0">
<skipped>
</skipped>
</testcase>
<testcase name="Cross-Browser Compatibility Tests › Firefox Browser Tests › should handle responsive design in Firefox" classname="cross-browser-compatibility.spec.ts" time="0">
<skipped>
</skipped>
</testcase>
<testcase name="Cross-Browser Compatibility Tests › Firefox Browser Tests › should handle error scenarios in Firefox" classname="cross-browser-compatibility.spec.ts" time="0">
<skipped>
</skipped>
</testcase>
<testcase name="Cross-Browser Compatibility Tests › WebKit Browser Tests › should work correctly in WebKit" classname="cross-browser-compatibility.spec.ts" time="0">
<skipped>
</skipped>
</testcase>
<testcase name="Cross-Browser Compatibility Tests › WebKit Browser Tests › should handle form interactions in WebKit" classname="cross-browser-compatibility.spec.ts" time="0">
<skipped>
</skipped>
</testcase>
<testcase name="Cross-Browser Compatibility Tests › WebKit Browser Tests › should support keyboard navigation in WebKit" classname="cross-browser-compatibility.spec.ts" time="0">
<skipped>
</skipped>
</testcase>
<testcase name="Cross-Browser Compatibility Tests › WebKit Browser Tests › should handle responsive design in WebKit" classname="cross-browser-compatibility.spec.ts" time="0">
<skipped>
</skipped>
</testcase>
<testcase name="Cross-Browser Compatibility Tests › WebKit Browser Tests › should handle error scenarios in WebKit" classname="cross-browser-compatibility.spec.ts" time="0">
<skipped>
</skipped>
</testcase>
<testcase name="Cross-Browser Compatibility Tests › Edge Browser Tests › should work correctly in Edge" classname="cross-browser-compatibility.spec.ts" time="0">
<skipped>
</skipped>
</testcase>
<testcase name="Cross-Browser Compatibility Tests › Edge Browser Tests › should handle form interactions in Edge" classname="cross-browser-compatibility.spec.ts" time="0">
<skipped>
</skipped>
</testcase>
<testcase name="Cross-Browser Compatibility Tests › Edge Browser Tests › should support keyboard navigation in Edge" classname="cross-browser-compatibility.spec.ts" time="0">
<skipped>
</skipped>
</testcase>
<testcase name="Cross-Browser Compatibility Tests › Edge Browser Tests › should handle responsive design in Edge" classname="cross-browser-compatibility.spec.ts" time="0">
<skipped>
</skipped>
</testcase>
<testcase name="Cross-Browser Compatibility Tests › Edge Browser Tests › should handle error scenarios in Edge" classname="cross-browser-compatibility.spec.ts" time="0">
<skipped>
</skipped>
</testcase>
<testcase name="Cross-Browser Compatibility Tests › Chrome Browser Tests › should work correctly in Chrome" classname="cross-browser-compatibility.spec.ts" time="0">
<skipped>
</skipped>
</testcase>
<testcase name="Cross-Browser Compatibility Tests › Chrome Browser Tests › should handle form interactions in Chrome" classname="cross-browser-compatibility.spec.ts" time="0">
<skipped>
</skipped>
</testcase>
<testcase name="Cross-Browser Compatibility Tests › Chrome Browser Tests › should support keyboard navigation in Chrome" classname="cross-browser-compatibility.spec.ts" time="0">
<skipped>
</skipped>
</testcase>
<testcase name="Cross-Browser Compatibility Tests › Chrome Browser Tests › should handle responsive design in Chrome" classname="cross-browser-compatibility.spec.ts" time="0">
<skipped>
</skipped>
</testcase>
<testcase name="Cross-Browser Compatibility Tests › Chrome Browser Tests › should handle error scenarios in Chrome" classname="cross-browser-compatibility.spec.ts" time="0">
<skipped>
</skipped>
</testcase>
<testcase name="Cross-Browser Compatibility Tests › Feature Support Detection › should detect and handle missing features gracefully" classname="cross-browser-compatibility.spec.ts" time="0">
<skipped>
</skipped>
</testcase>
<testcase name="Cross-Browser Compatibility Tests › Performance Across Browsers › should maintain performance standards across browsers" classname="cross-browser-compatibility.spec.ts" time="0">
<skipped>
</skipped>
</testcase>
</testsuite>
<testsuite name="evaluation-performance.spec.ts" timestamp="2025-08-05T04:59:53.613Z" hostname="chromium" tests="11" failures="0" skipped="11" time="0" errors="0">
<testcase name="Evaluation System and Performance Tests › Code Evaluation System › should evaluate code readability" classname="evaluation-performance.spec.ts" time="0">
<skipped>
</skipped>
</testcase>
<testcase name="Evaluation System and Performance Tests › Code Evaluation System › should assess code quality" classname="evaluation-performance.spec.ts" time="0">
<skipped>
</skipped>
</testcase>
<testcase name="Evaluation System and Performance Tests › Code Evaluation System › should detect defects and bugs" classname="evaluation-performance.spec.ts" time="0">
<skipped>
</skipped>
</testcase>
<testcase name="Evaluation System and Performance Tests › Code Evaluation System › should verify requirement implementation" classname="evaluation-performance.spec.ts" time="0">
<skipped>
</skipped>
</testcase>
<testcase name="Evaluation System and Performance Tests › Code Evaluation System › should provide overall scoring" classname="evaluation-performance.spec.ts" time="0">
<skipped>
</skipped>
</testcase>
<testcase name="Evaluation System and Performance Tests › Code Evaluation System › should handle evaluation errors gracefully" classname="evaluation-performance.spec.ts" time="0">
<skipped>
</skipped>
</testcase>
<testcase name="Evaluation System and Performance Tests › Performance Benchmarks › should generate challenges within acceptable time" classname="evaluation-performance.spec.ts" time="0">
<skipped>
</skipped>
</testcase>
<testcase name="Evaluation System and Performance Tests › Performance Benchmarks › should load Monaco Editor efficiently" classname="evaluation-performance.spec.ts" time="0">
<skipped>
</skipped>
</testcase>
<testcase name="Evaluation System and Performance Tests › Performance Benchmarks › should evaluate code within reasonable time" classname="evaluation-performance.spec.ts" time="0">
<skipped>
</skipped>
</testcase>
<testcase name="Evaluation System and Performance Tests › Performance Benchmarks › should handle large code files efficiently" classname="evaluation-performance.spec.ts" time="0">
<skipped>
</skipped>
</testcase>
<testcase name="Evaluation System and Performance Tests › Memory and Resource Usage › should not cause memory leaks during extended use" classname="evaluation-performance.spec.ts" time="0">
<skipped>
</skipped>
</testcase>
</testsuite>
<testsuite name="mobile-responsiveness.spec.ts" timestamp="2025-08-05T04:59:53.613Z" hostname="chromium" tests="10" failures="0" skipped="10" time="0" errors="0">
<testcase name="Mobile Responsiveness Tests › iPhone 12 Tests › should display responsive layout on iPhone 12" classname="mobile-responsiveness.spec.ts" time="0">
<skipped>
</skipped>
</testcase>
<testcase name="Mobile Responsiveness Tests › iPhone 12 Tests › should maintain functionality on iPhone 12" classname="mobile-responsiveness.spec.ts" time="0">
<skipped>
</skipped>
</testcase>
<testcase name="Mobile Responsiveness Tests › iPhone 12 Tests › should handle orientation changes on iPhone 12" classname="mobile-responsiveness.spec.ts" time="0">
<skipped>
</skipped>
</testcase>
<testcase name="Mobile Responsiveness Tests › Pixel 5 Tests › should display responsive layout on Pixel 5" classname="mobile-responsiveness.spec.ts" time="0">
<skipped>
</skipped>
</testcase>
<testcase name="Mobile Responsiveness Tests › Pixel 5 Tests › should maintain functionality on Pixel 5" classname="mobile-responsiveness.spec.ts" time="0">
<skipped>
</skipped>
</testcase>
<testcase name="Mobile Responsiveness Tests › Pixel 5 Tests › should handle orientation changes on Pixel 5" classname="mobile-responsiveness.spec.ts" time="0">
<skipped>
</skipped>
</testcase>
<testcase name="Mobile Responsiveness Tests › iPad Pro Tests › should display responsive layout on iPad Pro" classname="mobile-responsiveness.spec.ts" time="0">
<skipped>
</skipped>
</testcase>
<testcase name="Mobile Responsiveness Tests › iPad Pro Tests › should maintain functionality on iPad Pro" classname="mobile-responsiveness.spec.ts" time="0">
<skipped>
</skipped>
</testcase>
<testcase name="Mobile Responsiveness Tests › iPad Pro Tests › should handle orientation changes on iPad Pro" classname="mobile-responsiveness.spec.ts" time="0">
<skipped>
</skipped>
</testcase>
<testcase name="Mobile Responsiveness Tests › Touch Interaction Tests › should support touch gestures" classname="mobile-responsiveness.spec.ts" time="0">
<skipped>
</skipped>
</testcase>
</testsuite>
<testsuite name="ai-integration.spec.ts" timestamp="2025-08-05T04:59:53.613Z" hostname="firefox" tests="13" failures="0" skipped="13" time="0" errors="0">
<testcase name="AI Integration and Zoom-a-Friend Tests › Kiro AI Chat Interface › should provide refactoring assistance" classname="ai-integration.spec.ts" time="0">
<skipped>
</skipped>
</testcase>
<testcase name="AI Integration and Zoom-a-Friend Tests › Kiro AI Chat Interface › should generate unit tests" classname="ai-integration.spec.ts" time="0">
<skipped>
</skipped>
</testcase>
<testcase name="AI Integration and Zoom-a-Friend Tests › Kiro AI Chat Interface › should help implement requirements" classname="ai-integration.spec.ts" time="0">
<skipped>
</skipped>
</testcase>
<testcase name="AI Integration and Zoom-a-Friend Tests › Kiro AI Chat Interface › should maintain conversation context" classname="ai-integration.spec.ts" time="0">
<skipped>
</skipped>
</testcase>
<testcase name="AI Integration and Zoom-a-Friend Tests › Kiro AI Chat Interface › should handle AI service errors gracefully" classname="ai-integration.spec.ts" time="0">
<skipped>
</skipped>
</testcase>
<testcase name="AI Integration and Zoom-a-Friend Tests › Zoom-a-Friend Panel › should display team member selection" classname="ai-integration.spec.ts" time="0">
<skipped>
</skipped>
</testcase>
<testcase name="AI Integration and Zoom-a-Friend Tests › Zoom-a-Friend Panel › should provide QA Pufferfish feedback" classname="ai-integration.spec.ts" time="0">
<skipped>
</skipped>
</testcase>
<testcase name="AI Integration and Zoom-a-Friend Tests › Zoom-a-Friend Panel › should provide Architect Owl advice" classname="ai-integration.spec.ts" time="0">
<skipped>
</skipped>
</testcase>
<testcase name="AI Integration and Zoom-a-Friend Tests › Zoom-a-Friend Panel › should provide Product Owner Pig guidance" classname="ai-integration.spec.ts" time="0">
<skipped>
</skipped>
</testcase>
<testcase name="AI Integration and Zoom-a-Friend Tests › Zoom-a-Friend Panel › should provide Senior Developer Cat best practices" classname="ai-integration.spec.ts" time="0">
<skipped>
</skipped>
</testcase>
<testcase name="AI Integration and Zoom-a-Friend Tests › Zoom-a-Friend Panel › should generate animal-themed dialogs with technical terms" classname="ai-integration.spec.ts" time="0">
<skipped>
</skipped>
</testcase>
<testcase name="AI Integration and Zoom-a-Friend Tests › Zoom-a-Friend Panel › should handle multiple team member interactions" classname="ai-integration.spec.ts" time="0">
<skipped>
</skipped>
</testcase>
<testcase name="AI Integration and Zoom-a-Friend Tests › AI and Zoom-a-Friend Integration › should work together seamlessly" classname="ai-integration.spec.ts" time="0">
<skipped>
</skipped>
</testcase>
</testsuite>
<testsuite name="challenge-workflow.spec.ts" timestamp="2025-08-05T04:59:53.613Z" hostname="firefox" tests="3" failures="0" skipped="3" time="0" errors="0">
<testcase name="Complete Challenge Workflow › should complete full challenge generation and submission workflow" classname="challenge-workflow.spec.ts" time="0">
<skipped>
</skipped>
</testcase>
<testcase name="Complete Challenge Workflow › should handle error scenarios gracefully" classname="challenge-workflow.spec.ts" time="0">
<skipped>
</skipped>
</testcase>
<testcase name="Complete Challenge Workflow › should support keyboard navigation" classname="challenge-workflow.spec.ts" time="0">
<skipped>
</skipped>
</testcase>
</testsuite>
<testsuite name="comprehensive-workflow.spec.ts" timestamp="2025-08-05T04:59:53.613Z" hostname="firefox" tests="5" failures="0" skipped="5" time="0" errors="0">
<testcase name="Comprehensive Application Workflow › should complete full application workflow with performance monitoring" classname="comprehensive-workflow.spec.ts" time="0">
<skipped>
</skipped>
</testcase>
<testcase name="Comprehensive Application Workflow › should handle error scenarios gracefully" classname="comprehensive-workflow.spec.ts" time="0">
<skipped>
</skipped>
</testcase>
<testcase name="Comprehensive Application Workflow › should maintain performance under load" classname="comprehensive-workflow.spec.ts" time="0">
<skipped>
</skipped>
</testcase>
<testcase name="Comprehensive Application Workflow › should work correctly across different challenge types" classname="comprehensive-workflow.spec.ts" time="0">
<skipped>
</skipped>
</testcase>
<testcase name="Comprehensive Application Workflow › should support advanced user interactions" classname="comprehensive-workflow.spec.ts" time="0">
<skipped>
</skipped>
</testcase>
</testsuite>
<testsuite name="cross-browser-compatibility.spec.ts" timestamp="2025-08-05T04:59:53.613Z" hostname="firefox" tests="27" failures="0" skipped="27" time="0" errors="0">
<testcase name="Cross-Browser Compatibility Tests › Chromium Browser Tests › should work correctly in Chromium" classname="cross-browser-compatibility.spec.ts" time="0">
<skipped>
</skipped>
</testcase>
<testcase name="Cross-Browser Compatibility Tests › Chromium Browser Tests › should handle form interactions in Chromium" classname="cross-browser-compatibility.spec.ts" time="0">
<skipped>
</skipped>
</testcase>
<testcase name="Cross-Browser Compatibility Tests › Chromium Browser Tests › should support keyboard navigation in Chromium" classname="cross-browser-compatibility.spec.ts" time="0">
<skipped>
</skipped>
</testcase>
<testcase name="Cross-Browser Compatibility Tests › Chromium Browser Tests › should handle responsive design in Chromium" classname="cross-browser-compatibility.spec.ts" time="0">
<skipped>
</skipped>
</testcase>
<testcase name="Cross-Browser Compatibility Tests › Chromium Browser Tests › should handle error scenarios in Chromium" classname="cross-browser-compatibility.spec.ts" time="0">
<skipped>
</skipped>
</testcase>
<testcase name="Cross-Browser Compatibility Tests › Firefox Browser Tests › should work correctly in Firefox" classname="cross-browser-compatibility.spec.ts" time="0">
<skipped>
</skipped>
</testcase>
<testcase name="Cross-Browser Compatibility Tests › Firefox Browser Tests › should handle form interactions in Firefox" classname="cross-browser-compatibility.spec.ts" time="0">
<skipped>
</skipped>
</testcase>
<testcase name="Cross-Browser Compatibility Tests › Firefox Browser Tests › should support keyboard navigation in Firefox" classname="cross-browser-compatibility.spec.ts" time="0">
<skipped>
</skipped>
</testcase>
<testcase name="Cross-Browser Compatibility Tests › Firefox Browser Tests › should handle responsive design in Firefox" classname="cross-browser-compatibility.spec.ts" time="0">
<skipped>
</skipped>
</testcase>
<testcase name="Cross-Browser Compatibility Tests › Firefox Browser Tests › should handle error scenarios in Firefox" classname="cross-browser-compatibility.spec.ts" time="0">
<skipped>
</skipped>
</testcase>
<testcase name="Cross-Browser Compatibility Tests › WebKit Browser Tests › should work correctly in WebKit" classname="cross-browser-compatibility.spec.ts" time="0">
<skipped>
</skipped>
</testcase>
<testcase name="Cross-Browser Compatibility Tests › WebKit Browser Tests › should handle form interactions in WebKit" classname="cross-browser-compatibility.spec.ts" time="0">
<skipped>
</skipped>
</testcase>
<testcase name="Cross-Browser Compatibility Tests › WebKit Browser Tests › should support keyboard navigation in WebKit" classname="cross-browser-compatibility.spec.ts" time="0">
<skipped>
</skipped>
</testcase>
<testcase name="Cross-Browser Compatibility Tests › WebKit Browser Tests › should handle responsive design in WebKit" classname="cross-browser-compatibility.spec.ts" time="0">
<skipped>
</skipped>
</testcase>
<testcase name="Cross-Browser Compatibility Tests › WebKit Browser Tests › should handle error scenarios in WebKit" classname="cross-browser-compatibility.spec.ts" time="0">
<skipped>
</skipped>
</testcase>
<testcase name="Cross-Browser Compatibility Tests › Edge Browser Tests › should work correctly in Edge" classname="cross-browser-compatibility.spec.ts" time="0">
<skipped>
</skipped>
</testcase>
<testcase name="Cross-Browser Compatibility Tests › Edge Browser Tests › should handle form interactions in Edge" classname="cross-browser-compatibility.spec.ts" time="0">
<skipped>
</skipped>
</testcase>
<testcase name="Cross-Browser Compatibility Tests › Edge Browser Tests › should support keyboard navigation in Edge" classname="cross-browser-compatibility.spec.ts" time="0">
<skipped>
</skipped>
</testcase>
<testcase name="Cross-Browser Compatibility Tests › Edge Browser Tests › should handle responsive design in Edge" classname="cross-browser-compatibility.spec.ts" time="0">
<skipped>
</skipped>
</testcase>
<testcase name="Cross-Browser Compatibility Tests › Edge Browser Tests › should handle error scenarios in Edge" classname="cross-browser-compatibility.spec.ts" time="0">
<skipped>
</skipped>
</testcase>
<testcase name="Cross-Browser Compatibility Tests › Chrome Browser Tests › should work correctly in Chrome" classname="cross-browser-compatibility.spec.ts" time="0">
<skipped>
</skipped>
</testcase>
<testcase name="Cross-Browser Compatibility Tests › Chrome Browser Tests › should handle form interactions in Chrome" classname="cross-browser-compatibility.spec.ts" time="0">
<skipped>
</skipped>
</testcase>
<testcase name="Cross-Browser Compatibility Tests › Chrome Browser Tests › should support keyboard navigation in Chrome" classname="cross-browser-compatibility.spec.ts" time="0">
<skipped>
</skipped>
</testcase>
<testcase name="Cross-Browser Compatibility Tests › Chrome Browser Tests › should handle responsive design in Chrome" classname="cross-browser-compatibility.spec.ts" time="0">
<skipped>
</skipped>
</testcase>
<testcase name="Cross-Browser Compatibility Tests › Chrome Browser Tests › should handle error scenarios in Chrome" classname="cross-browser-compatibility.spec.ts" time="0">
<skipped>
</skipped>
</testcase>
<testcase name="Cross-Browser Compatibility Tests › Feature Support Detection › should detect and handle missing features gracefully" classname="cross-browser-compatibility.spec.ts" time="0">
<skipped>
</skipped>
</testcase>
<testcase name="Cross-Browser Compatibility Tests › Performance Across Browsers › should maintain performance standards across browsers" classname="cross-browser-compatibility.spec.ts" time="0">
<skipped>
</skipped>
</testcase>
</testsuite>
<testsuite name="evaluation-performance.spec.ts" timestamp="2025-08-05T04:59:53.613Z" hostname="firefox" tests="11" failures="0" skipped="11" time="0" errors="0">
<testcase name="Evaluation System and Performance Tests › Code Evaluation System › should evaluate code readability" classname="evaluation-performance.spec.ts" time="0">
<skipped>
</skipped>
</testcase>
<testcase name="Evaluation System and Performance Tests › Code Evaluation System › should assess code quality" classname="evaluation-performance.spec.ts" time="0">
<skipped>
</skipped>
</testcase>
<testcase name="Evaluation System and Performance Tests › Code Evaluation System › should detect defects and bugs" classname="evaluation-performance.spec.ts" time="0">
<skipped>
</skipped>
</testcase>
<testcase name="Evaluation System and Performance Tests › Code Evaluation System › should verify requirement implementation" classname="evaluation-performance.spec.ts" time="0">
<skipped>
</skipped>
</testcase>
<testcase name="Evaluation System and Performance Tests › Code Evaluation System › should provide overall scoring" classname="evaluation-performance.spec.ts" time="0">
<skipped>
</skipped>
</testcase>
<testcase name="Evaluation System and Performance Tests › Code Evaluation System › should handle evaluation errors gracefully" classname="evaluation-performance.spec.ts" time="0">
<skipped>
</skipped>
</testcase>
<testcase name="Evaluation System and Performance Tests › Performance Benchmarks › should generate challenges within acceptable time" classname="evaluation-performance.spec.ts" time="0">
<skipped>
</skipped>
</testcase>
<testcase name="Evaluation System and Performance Tests › Performance Benchmarks › should load Monaco Editor efficiently" classname="evaluation-performance.spec.ts" time="0">
<skipped>
</skipped>
</testcase>
<testcase name="Evaluation System and Performance Tests › Performance Benchmarks › should evaluate code within reasonable time" classname="evaluation-performance.spec.ts" time="0">
<skipped>
</skipped>
</testcase>
<testcase name="Evaluation System and Performance Tests › Performance Benchmarks › should handle large code files efficiently" classname="evaluation-performance.spec.ts" time="0">
<skipped>
</skipped>
</testcase>
<testcase name="Evaluation System and Performance Tests › Memory and Resource Usage › should not cause memory leaks during extended use" classname="evaluation-performance.spec.ts" time="0">
<skipped>
</skipped>
</testcase>
</testsuite>
<testsuite name="mobile-responsiveness.spec.ts" timestamp="2025-08-05T04:59:53.613Z" hostname="firefox" tests="10" failures="0" skipped="10" time="0" errors="0">
<testcase name="Mobile Responsiveness Tests › iPhone 12 Tests › should display responsive layout on iPhone 12" classname="mobile-responsiveness.spec.ts" time="0">
<skipped>
</skipped>
</testcase>
<testcase name="Mobile Responsiveness Tests › iPhone 12 Tests › should maintain functionality on iPhone 12" classname="mobile-responsiveness.spec.ts" time="0">
<skipped>
</skipped>
</testcase>
<testcase name="Mobile Responsiveness Tests › iPhone 12 Tests › should handle orientation changes on iPhone 12" classname="mobile-responsiveness.spec.ts" time="0">
<skipped>
</skipped>
</testcase>
<testcase name="Mobile Responsiveness Tests › Pixel 5 Tests › should display responsive layout on Pixel 5" classname="mobile-responsiveness.spec.ts" time="0">
<skipped>
</skipped>
</testcase>
<testcase name="Mobile Responsiveness Tests › Pixel 5 Tests › should maintain functionality on Pixel 5" classname="mobile-responsiveness.spec.ts" time="0">
<skipped>
</skipped>
</testcase>
<testcase name="Mobile Responsiveness Tests › Pixel 5 Tests › should handle orientation changes on Pixel 5" classname="mobile-responsiveness.spec.ts" time="0">
<skipped>
</skipped>
</testcase>
<testcase name="Mobile Responsiveness Tests › iPad Pro Tests › should display responsive layout on iPad Pro" classname="mobile-responsiveness.spec.ts" time="0">
<skipped>
</skipped>
</testcase>
<testcase name="Mobile Responsiveness Tests › iPad Pro Tests › should maintain functionality on iPad Pro" classname="mobile-responsiveness.spec.ts" time="0">
<skipped>
</skipped>
</testcase>
<testcase name="Mobile Responsiveness Tests › iPad Pro Tests › should handle orientation changes on iPad Pro" classname="mobile-responsiveness.spec.ts" time="0">
<skipped>
</skipped>
</testcase>
<testcase name="Mobile Responsiveness Tests › Touch Interaction Tests › should support touch gestures" classname="mobile-responsiveness.spec.ts" time="0">
<skipped>
</skipped>
</testcase>
</testsuite>
<testsuite name="ai-integration.spec.ts" timestamp="2025-08-05T04:59:53.613Z" hostname="webkit" tests="13" failures="0" skipped="13" time="0" errors="0">
<testcase name="AI Integration and Zoom-a-Friend Tests › Kiro AI Chat Interface › should provide refactoring assistance" classname="ai-integration.spec.ts" time="0">
<skipped>
</skipped>
</testcase>
<testcase name="AI Integration and Zoom-a-Friend Tests › Kiro AI Chat Interface › should generate unit tests" classname="ai-integration.spec.ts" time="0">
<skipped>
</skipped>
</testcase>
<testcase name="AI Integration and Zoom-a-Friend Tests › Kiro AI Chat Interface › should help implement requirements" classname="ai-integration.spec.ts" time="0">
<skipped>
</skipped>
</testcase>
<testcase name="AI Integration and Zoom-a-Friend Tests › Kiro AI Chat Interface › should maintain conversation context" classname="ai-integration.spec.ts" time="0">
<skipped>
</skipped>
</testcase>
<testcase name="AI Integration and Zoom-a-Friend Tests › Kiro AI Chat Interface › should handle AI service errors gracefully" classname="ai-integration.spec.ts" time="0">
<skipped>
</skipped>
</testcase>
<testcase name="AI Integration and Zoom-a-Friend Tests › Zoom-a-Friend Panel › should display team member selection" classname="ai-integration.spec.ts" time="0">
<skipped>
</skipped>
</testcase>
<testcase name="AI Integration and Zoom-a-Friend Tests › Zoom-a-Friend Panel › should provide QA Pufferfish feedback" classname="ai-integration.spec.ts" time="0">
<skipped>
</skipped>
</testcase>
<testcase name="AI Integration and Zoom-a-Friend Tests › Zoom-a-Friend Panel › should provide Architect Owl advice" classname="ai-integration.spec.ts" time="0">
<skipped>
</skipped>
</testcase>
<testcase name="AI Integration and Zoom-a-Friend Tests › Zoom-a-Friend Panel › should provide Product Owner Pig guidance" classname="ai-integration.spec.ts" time="0">
<skipped>
</skipped>
</testcase>
<testcase name="AI Integration and Zoom-a-Friend Tests › Zoom-a-Friend Panel › should provide Senior Developer Cat best practices" classname="ai-integration.spec.ts" time="0">
<skipped>
</skipped>
</testcase>
<testcase name="AI Integration and Zoom-a-Friend Tests › Zoom-a-Friend Panel › should generate animal-themed dialogs with technical terms" classname="ai-integration.spec.ts" time="0">
<skipped>
</skipped>
</testcase>
<testcase name="AI Integration and Zoom-a-Friend Tests › Zoom-a-Friend Panel › should handle multiple team member interactions" classname="ai-integration.spec.ts" time="0">
<skipped>
</skipped>
</testcase>
<testcase name="AI Integration and Zoom-a-Friend Tests › AI and Zoom-a-Friend Integration › should work together seamlessly" classname="ai-integration.spec.ts" time="0">
<skipped>
</skipped>
</testcase>
</testsuite>
<testsuite name="challenge-workflow.spec.ts" timestamp="2025-08-05T04:59:53.613Z" hostname="webkit" tests="3" failures="0" skipped="3" time="0" errors="0">
<testcase name="Complete Challenge Workflow › should complete full challenge generation and submission workflow" classname="challenge-workflow.spec.ts" time="0">
<skipped>
</skipped>
</testcase>
<testcase name="Complete Challenge Workflow › should handle error scenarios gracefully" classname="challenge-workflow.spec.ts" time="0">
<skipped>
</skipped>
</testcase>
<testcase name="Complete Challenge Workflow › should support keyboard navigation" classname="challenge-workflow.spec.ts" time="0">
<skipped>
</skipped>
</testcase>
</testsuite>
<testsuite name="comprehensive-workflow.spec.ts" timestamp="2025-08-05T04:59:53.613Z" hostname="webkit" tests="5" failures="0" skipped="5" time="0" errors="0">
<testcase name="Comprehensive Application Workflow › should complete full application workflow with performance monitoring" classname="comprehensive-workflow.spec.ts" time="0">
<skipped>
</skipped>
</testcase>
<testcase name="Comprehensive Application Workflow › should handle error scenarios gracefully" classname="comprehensive-workflow.spec.ts" time="0">
<skipped>
</skipped>
</testcase>
<testcase name="Comprehensive Application Workflow › should maintain performance under load" classname="comprehensive-workflow.spec.ts" time="0">
<skipped>
</skipped>
</testcase>
<testcase name="Comprehensive Application Workflow › should work correctly across different challenge types" classname="comprehensive-workflow.spec.ts" time="0">
<skipped>
</skipped>
</testcase>
<testcase name="Comprehensive Application Workflow › should support advanced user interactions" classname="comprehensive-workflow.spec.ts" time="0">
<skipped>
</skipped>
</testcase>
</testsuite>
<testsuite name="cross-browser-compatibility.spec.ts" timestamp="2025-08-05T04:59:53.613Z" hostname="webkit" tests="27" failures="0" skipped="27" time="0" errors="0">
<testcase name="Cross-Browser Compatibility Tests › Chromium Browser Tests › should work correctly in Chromium" classname="cross-browser-compatibility.spec.ts" time="0">
<skipped>
</skipped>
</testcase>
<testcase name="Cross-Browser Compatibility Tests › Chromium Browser Tests › should handle form interactions in Chromium" classname="cross-browser-compatibility.spec.ts" time="0">
<skipped>
</skipped>
</testcase>
<testcase name="Cross-Browser Compatibility Tests › Chromium Browser Tests › should support keyboard navigation in Chromium" classname="cross-browser-compatibility.spec.ts" time="0">
<skipped>
</skipped>
</testcase>
<testcase name="Cross-Browser Compatibility Tests › Chromium Browser Tests › should handle responsive design in Chromium" classname="cross-browser-compatibility.spec.ts" time="0">
<skipped>
</skipped>
</testcase>
<testcase name="Cross-Browser Compatibility Tests › Chromium Browser Tests › should handle error scenarios in Chromium" classname="cross-browser-compatibility.spec.ts" time="0">
<skipped>
</skipped>
</testcase>
<testcase name="Cross-Browser Compatibility Tests › Firefox Browser Tests › should work correctly in Firefox" classname="cross-browser-compatibility.spec.ts" time="0">
<skipped>
</skipped>
</testcase>
<testcase name="Cross-Browser Compatibility Tests › Firefox Browser Tests › should handle form interactions in Firefox" classname="cross-browser-compatibility.spec.ts" time="0">
<skipped>
</skipped>
</testcase>
<testcase name="Cross-Browser Compatibility Tests › Firefox Browser Tests › should support keyboard navigation in Firefox" classname="cross-browser-compatibility.spec.ts" time="0">
<skipped>
</skipped>
</testcase>
<testcase name="Cross-Browser Compatibility Tests › Firefox Browser Tests › should handle responsive design in Firefox" classname="cross-browser-compatibility.spec.ts" time="0">
<skipped>
</skipped>
</testcase>
<testcase name="Cross-Browser Compatibility Tests › Firefox Browser Tests › should handle error scenarios in Firefox" classname="cross-browser-compatibility.spec.ts" time="0">
<skipped>
</skipped>
</testcase>
<testcase name="Cross-Browser Compatibility Tests › WebKit Browser Tests › should work correctly in WebKit" classname="cross-browser-compatibility.spec.ts" time="0">
<skipped>
</skipped>
</testcase>
<testcase name="Cross-Browser Compatibility Tests › WebKit Browser Tests › should handle form interactions in WebKit" classname="cross-browser-compatibility.spec.ts" time="0">
<skipped>
</skipped>
</testcase>
<testcase name="Cross-Browser Compatibility Tests › WebKit Browser Tests › should support keyboard navigation in WebKit" classname="cross-browser-compatibility.spec.ts" time="0">
<skipped>
</skipped>
</testcase>
<testcase name="Cross-Browser Compatibility Tests › WebKit Browser Tests › should handle responsive design in WebKit" classname="cross-browser-compatibility.spec.ts" time="0">
<skipped>
</skipped>
</testcase>
<testcase name="Cross-Browser Compatibility Tests › WebKit Browser Tests › should handle error scenarios in WebKit" classname="cross-browser-compatibility.spec.ts" time="0">
<skipped>
</skipped>
</testcase>
<testcase name="Cross-Browser Compatibility Tests › Edge Browser Tests › should work correctly in Edge" classname="cross-browser-compatibility.spec.ts" time="0">
<skipped>
</skipped>
</testcase>
<testcase name="Cross-Browser Compatibility Tests › Edge Browser Tests › should handle form interactions in Edge" classname="cross-browser-compatibility.spec.ts" time="0">
<skipped>
</skipped>
</testcase>
<testcase name="Cross-Browser Compatibility Tests › Edge Browser Tests › should support keyboard navigation in Edge" classname="cross-browser-compatibility.spec.ts" time="0">
<skipped>
</skipped>
</testcase>
<testcase name="Cross-Browser Compatibility Tests › Edge Browser Tests › should handle responsive design in Edge" classname="cross-browser-compatibility.spec.ts" time="0">
<skipped>
</skipped>
</testcase>
<testcase name="Cross-Browser Compatibility Tests › Edge Browser Tests › should handle error scenarios in Edge" classname="cross-browser-compatibility.spec.ts" time="0">
<skipped>
</skipped>
</testcase>
<testcase name="Cross-Browser Compatibility Tests › Chrome Browser Tests › should work correctly in Chrome" classname="cross-browser-compatibility.spec.ts" time="0">
<skipped>
</skipped>
</testcase>
<testcase name="Cross-Browser Compatibility Tests › Chrome Browser Tests › should handle form interactions in Chrome" classname="cross-browser-compatibility.spec.ts" time="0">
<skipped>
</skipped>
</testcase>
<testcase name="Cross-Browser Compatibility Tests › Chrome Browser Tests › should support keyboard navigation in Chrome" classname="cross-browser-compatibility.spec.ts" time="0">
<skipped>
</skipped>
</testcase>
<testcase name="Cross-Browser Compatibility Tests › Chrome Browser Tests › should handle responsive design in Chrome" classname="cross-browser-compatibility.spec.ts" time="0">
<skipped>
</skipped>
</testcase>
<testcase name="Cross-Browser Compatibility Tests › Chrome Browser Tests › should handle error scenarios in Chrome" classname="cross-browser-compatibility.spec.ts" time="0">
<skipped>
</skipped>
</testcase>
<testcase name="Cross-Browser Compatibility Tests › Feature Support Detection › should detect and handle missing features gracefully" classname="cross-browser-compatibility.spec.ts" time="0">
<skipped>
</skipped>
</testcase>
<testcase name="Cross-Browser Compatibility Tests › Performance Across Browsers › should maintain performance standards across browsers" classname="cross-browser-compatibility.spec.ts" time="0">
<skipped>
</skipped>
</testcase>
</testsuite>
<testsuite name="evaluation-performance.spec.ts" timestamp="2025-08-05T04:59:53.613Z" hostname="webkit" tests="11" failures="0" skipped="11" time="0" errors="0">
<testcase name="Evaluation System and Performance Tests › Code Evaluation System › should evaluate code readability" classname="evaluation-performance.spec.ts" time="0">
<skipped>
</skipped>
</testcase>
<testcase name="Evaluation System and Performance Tests › Code Evaluation System › should assess code quality" classname="evaluation-performance.spec.ts" time="0">
<skipped>
</skipped>
</testcase>
<testcase name="Evaluation System and Performance Tests › Code Evaluation System › should detect defects and bugs" classname="evaluation-performance.spec.ts" time="0">
<skipped>
</skipped>
</testcase>
<testcase name="Evaluation System and Performance Tests › Code Evaluation System › should verify requirement implementation" classname="evaluation-performance.spec.ts" time="0">
<skipped>
</skipped>
</testcase>
<testcase name="Evaluation System and Performance Tests › Code Evaluation System › should provide overall scoring" classname="evaluation-performance.spec.ts" time="0">
<skipped>
</skipped>
</testcase>
<testcase name="Evaluation System and Performance Tests › Code Evaluation System › should handle evaluation errors gracefully" classname="evaluation-performance.spec.ts" time="0">
<skipped>
</skipped>
</testcase>
<testcase name="Evaluation System and Performance Tests › Performance Benchmarks › should generate challenges within acceptable time" classname="evaluation-performance.spec.ts" time="0">
<skipped>
</skipped>
</testcase>
<testcase name="Evaluation System and Performance Tests › Performance Benchmarks › should load Monaco Editor efficiently" classname="evaluation-performance.spec.ts" time="0">
<skipped>
</skipped>
</testcase>
<testcase name="Evaluation System and Performance Tests › Performance Benchmarks › should evaluate code within reasonable time" classname="evaluation-performance.spec.ts" time="0">
<skipped>
</skipped>
</testcase>
<testcase name="Evaluation System and Performance Tests › Performance Benchmarks › should handle large code files efficiently" classname="evaluation-performance.spec.ts" time="0">
<skipped>
</skipped>
</testcase>
<testcase name="Evaluation System and Performance Tests › Memory and Resource Usage › should not cause memory leaks during extended use" classname="evaluation-performance.spec.ts" time="0">
<skipped>
</skipped>
</testcase>
</testsuite>
<testsuite name="mobile-responsiveness.spec.ts" timestamp="2025-08-05T04:59:53.613Z" hostname="webkit" tests="10" failures="0" skipped="10" time="0" errors="0">
<testcase name="Mobile Responsiveness Tests › iPhone 12 Tests › should display responsive layout on iPhone 12" classname="mobile-responsiveness.spec.ts" time="0">
<skipped>
</skipped>
</testcase>
<testcase name="Mobile Responsiveness Tests › iPhone 12 Tests › should maintain functionality on iPhone 12" classname="mobile-responsiveness.spec.ts" time="0">
<skipped>
</skipped>
</testcase>
<testcase name="Mobile Responsiveness Tests › iPhone 12 Tests › should handle orientation changes on iPhone 12" classname="mobile-responsiveness.spec.ts" time="0">
<skipped>
</skipped>
</testcase>
<testcase name="Mobile Responsiveness Tests › Pixel 5 Tests › should display responsive layout on Pixel 5" classname="mobile-responsiveness.spec.ts" time="0">
<skipped>
</skipped>
</testcase>
<testcase name="Mobile Responsiveness Tests › Pixel 5 Tests › should maintain functionality on Pixel 5" classname="mobile-responsiveness.spec.ts" time="0">
<skipped>
</skipped>
</testcase>
<testcase name="Mobile Responsiveness Tests › Pixel 5 Tests › should handle orientation changes on Pixel 5" classname="mobile-responsiveness.spec.ts" time="0">
<skipped>
</skipped>
</testcase>
<testcase name="Mobile Responsiveness Tests › iPad Pro Tests › should display responsive layout on iPad Pro" classname="mobile-responsiveness.spec.ts" time="0">
<skipped>
</skipped>
</testcase>
<testcase name="Mobile Responsiveness Tests › iPad Pro Tests › should maintain functionality on iPad Pro" classname="mobile-responsiveness.spec.ts" time="0">
<skipped>
</skipped>
</testcase>
<testcase name="Mobile Responsiveness Tests › iPad Pro Tests › should handle orientation changes on iPad Pro" classname="mobile-responsiveness.spec.ts" time="0">
<skipped>
</skipped>
</testcase>
<testcase name="Mobile Responsiveness Tests › Touch Interaction Tests › should support touch gestures" classname="mobile-responsiveness.spec.ts" time="0">
<skipped>
</skipped>
</testcase>
</testsuite>
<testsuite name="ai-integration.spec.ts" timestamp="2025-08-05T04:59:53.613Z" hostname="Mobile Chrome" tests="13" failures="0" skipped="13" time="0" errors="0">
<testcase name="AI Integration and Zoom-a-Friend Tests › Kiro AI Chat Interface › should provide refactoring assistance" classname="ai-integration.spec.ts" time="0">
<skipped>
</skipped>
</testcase>
<testcase name="AI Integration and Zoom-a-Friend Tests › Kiro AI Chat Interface › should generate unit tests" classname="ai-integration.spec.ts" time="0">
<skipped>
</skipped>
</testcase>
<testcase name="AI Integration and Zoom-a-Friend Tests › Kiro AI Chat Interface › should help implement requirements" classname="ai-integration.spec.ts" time="0">
<skipped>
</skipped>
</testcase>
<testcase name="AI Integration and Zoom-a-Friend Tests › Kiro AI Chat Interface › should maintain conversation context" classname="ai-integration.spec.ts" time="0">
<skipped>
</skipped>
</testcase>
<testcase name="AI Integration and Zoom-a-Friend Tests › Kiro AI Chat Interface › should handle AI service errors gracefully" classname="ai-integration.spec.ts" time="0">
<skipped>
</skipped>
</testcase>
<testcase name="AI Integration and Zoom-a-Friend Tests › Zoom-a-Friend Panel › should display team member selection" classname="ai-integration.spec.ts" time="0">
<skipped>
</skipped>
</testcase>
<testcase name="AI Integration and Zoom-a-Friend Tests › Zoom-a-Friend Panel › should provide QA Pufferfish feedback" classname="ai-integration.spec.ts" time="0">
<skipped>
</skipped>
</testcase>
<testcase name="AI Integration and Zoom-a-Friend Tests › Zoom-a-Friend Panel › should provide Architect Owl advice" classname="ai-integration.spec.ts" time="0">
<skipped>
</skipped>
</testcase>
<testcase name="AI Integration and Zoom-a-Friend Tests › Zoom-a-Friend Panel › should provide Product Owner Pig guidance" classname="ai-integration.spec.ts" time="0">
<skipped>
</skipped>
</testcase>
<testcase name="AI Integration and Zoom-a-Friend Tests › Zoom-a-Friend Panel › should provide Senior Developer Cat best practices" classname="ai-integration.spec.ts" time="0">
<skipped>
</skipped>
</testcase>
<testcase name="AI Integration and Zoom-a-Friend Tests › Zoom-a-Friend Panel › should generate animal-themed dialogs with technical terms" classname="ai-integration.spec.ts" time="0">
<skipped>
</skipped>
</testcase>
<testcase name="AI Integration and Zoom-a-Friend Tests › Zoom-a-Friend Panel › should handle multiple team member interactions" classname="ai-integration.spec.ts" time="0">
<skipped>
</skipped>
</testcase>
<testcase name="AI Integration and Zoom-a-Friend Tests › AI and Zoom-a-Friend Integration › should work together seamlessly" classname="ai-integration.spec.ts" time="0">
<skipped>
</skipped>
</testcase>
</testsuite>
<testsuite name="challenge-workflow.spec.ts" timestamp="2025-08-05T04:59:53.613Z" hostname="Mobile Chrome" tests="3" failures="0" skipped="3" time="0" errors="0">
<testcase name="Complete Challenge Workflow › should complete full challenge generation and submission workflow" classname="challenge-workflow.spec.ts" time="0">
<skipped>
</skipped>
</testcase>
<testcase name="Complete Challenge Workflow › should handle error scenarios gracefully" classname="challenge-workflow.spec.ts" time="0">
<skipped>
</skipped>
</testcase>
<testcase name="Complete Challenge Workflow › should support keyboard navigation" classname="challenge-workflow.spec.ts" time="0">
<skipped>
</skipped>
</testcase>
</testsuite>
<testsuite name="comprehensive-workflow.spec.ts" timestamp="2025-08-05T04:59:53.613Z" hostname="Mobile Chrome" tests="5" failures="0" skipped="5" time="0" errors="0">
<testcase name="Comprehensive Application Workflow › should complete full application workflow with performance monitoring" classname="comprehensive-workflow.spec.ts" time="0">
<skipped>
</skipped>
</testcase>
<testcase name="Comprehensive Application Workflow › should handle error scenarios gracefully" classname="comprehensive-workflow.spec.ts" time="0">
<skipped>
</skipped>
</testcase>
<testcase name="Comprehensive Application Workflow › should maintain performance under load" classname="comprehensive-workflow.spec.ts" time="0">
<skipped>
</skipped>
</testcase>
<testcase name="Comprehensive Application Workflow › should work correctly across different challenge types" classname="comprehensive-workflow.spec.ts" time="0">
<skipped>
</skipped>
</testcase>
<testcase name="Comprehensive Application Workflow › should support advanced user interactions" classname="comprehensive-workflow.spec.ts" time="0">
<skipped>
</skipped>
</testcase>
</testsuite>
<testsuite name="cross-browser-compatibility.spec.ts" timestamp="2025-08-05T04:59:53.613Z" hostname="Mobile Chrome" tests="27" failures="0" skipped="27" time="0" errors="0">
<testcase name="Cross-Browser Compatibility Tests › Chromium Browser Tests › should work correctly in Chromium" classname="cross-browser-compatibility.spec.ts" time="0">
<skipped>
</skipped>
</testcase>
<testcase name="Cross-Browser Compatibility Tests › Chromium Browser Tests › should handle form interactions in Chromium" classname="cross-browser-compatibility.spec.ts" time="0">
<skipped>
</skipped>
</testcase>
<testcase name="Cross-Browser Compatibility Tests › Chromium Browser Tests › should support keyboard navigation in Chromium" classname="cross-browser-compatibility.spec.ts" time="0">
<skipped>
</skipped>
</testcase>
<testcase name="Cross-Browser Compatibility Tests › Chromium Browser Tests › should handle responsive design in Chromium" classname="cross-browser-compatibility.spec.ts" time="0">
<skipped>
</skipped>
</testcase>
<testcase name="Cross-Browser Compatibility Tests › Chromium Browser Tests › should handle error scenarios in Chromium" classname="cross-browser-compatibility.spec.ts" time="0">
<skipped>
</skipped>
</testcase>
<testcase name="Cross-Browser Compatibility Tests › Firefox Browser Tests › should work correctly in Firefox" classname="cross-browser-compatibility.spec.ts" time="0">
<skipped>
</skipped>
</testcase>
<testcase name="Cross-Browser Compatibility Tests › Firefox Browser Tests › should handle form interactions in Firefox" classname="cross-browser-compatibility.spec.ts" time="0">
<skipped>
</skipped>
</testcase>
<testcase name="Cross-Browser Compatibility Tests › Firefox Browser Tests › should support keyboard navigation in Firefox" classname="cross-browser-compatibility.spec.ts" time="0">
<skipped>
</skipped>
</testcase>
<testcase name="Cross-Browser Compatibility Tests › Firefox Browser Tests › should handle responsive design in Firefox" classname="cross-browser-compatibility.spec.ts" time="0">
<skipped>
</skipped>
</testcase>
<testcase name="Cross-Browser Compatibility Tests › Firefox Browser Tests › should handle error scenarios in Firefox" classname="cross-browser-compatibility.spec.ts" time="0">
<skipped>
</skipped>
</testcase>
<testcase name="Cross-Browser Compatibility Tests › WebKit Browser Tests › should work correctly in WebKit" classname="cross-browser-compatibility.spec.ts" time="0">
<skipped>
</skipped>
</testcase>
<testcase name="Cross-Browser Compatibility Tests › WebKit Browser Tests › should handle form interactions in WebKit" classname="cross-browser-compatibility.spec.ts" time="0">
<skipped>
</skipped>
</testcase>
<testcase name="Cross-Browser Compatibility Tests › WebKit Browser Tests › should support keyboard navigation in WebKit" classname="cross-browser-compatibility.spec.ts" time="0">
<skipped>
</skipped>
</testcase>
<testcase name="Cross-Browser Compatibility Tests › WebKit Browser Tests › should handle responsive design in WebKit" classname="cross-browser-compatibility.spec.ts" time="0">
<skipped>
</skipped>
</testcase>
<testcase name="Cross-Browser Compatibility Tests › WebKit Browser Tests › should handle error scenarios in WebKit" classname="cross-browser-compatibility.spec.ts" time="0">
<skipped>
</skipped>
</testcase>
<testcase name="Cross-Browser Compatibility Tests › Edge Browser Tests › should work correctly in Edge" classname="cross-browser-compatibility.spec.ts" time="0">
<skipped>
</skipped>
</testcase>
<testcase name="Cross-Browser Compatibility Tests › Edge Browser Tests › should handle form interactions in Edge" classname="cross-browser-compatibility.spec.ts" time="0">
<skipped>
</skipped>
</testcase>
<testcase name="Cross-Browser Compatibility Tests › Edge Browser Tests › should support keyboard navigation in Edge" classname="cross-browser-compatibility.spec.ts" time="0">
<skipped>
</skipped>
</testcase>
<testcase name="Cross-Browser Compatibility Tests › Edge Browser Tests › should handle responsive design in Edge" classname="cross-browser-compatibility.spec.ts" time="0">
<skipped>
</skipped>
</testcase>
<testcase name="Cross-Browser Compatibility Tests › Edge Browser Tests › should handle error scenarios in Edge" classname="cross-browser-compatibility.spec.ts" time="0">
<skipped>
</skipped>
</testcase>
<testcase name="Cross-Browser Compatibility Tests › Chrome Browser Tests › should work correctly in Chrome" classname="cross-browser-compatibility.spec.ts" time="0">
<skipped>
</skipped>
</testcase>
<testcase name="Cross-Browser Compatibility Tests › Chrome Browser Tests › should handle form interactions in Chrome" classname="cross-browser-compatibility.spec.ts" time="0">
<skipped>
</skipped>
</testcase>
<testcase name="Cross-Browser Compatibility Tests › Chrome Browser Tests › should support keyboard navigation in Chrome" classname="cross-browser-compatibility.spec.ts" time="0">
<skipped>
</skipped>
</testcase>
<testcase name="Cross-Browser Compatibility Tests › Chrome Browser Tests › should handle responsive design in Chrome" classname="cross-browser-compatibility.spec.ts" time="0">
<skipped>
</skipped>
</testcase>
<testcase name="Cross-Browser Compatibility Tests › Chrome Browser Tests › should handle error scenarios in Chrome" classname="cross-browser-compatibility.spec.ts" time="0">
<skipped>
</skipped>
</testcase>
<testcase name="Cross-Browser Compatibility Tests › Feature Support Detection › should detect and handle missing features gracefully" classname="cross-browser-compatibility.spec.ts" time="0">
<skipped>
</skipped>
</testcase>
<testcase name="Cross-Browser Compatibility Tests › Performance Across Browsers › should maintain performance standards across browsers" classname="cross-browser-compatibility.spec.ts" time="0">
<skipped>
</skipped>
</testcase>
</testsuite>
<testsuite name="evaluation-performance.spec.ts" timestamp="2025-08-05T04:59:53.613Z" hostname="Mobile Chrome" tests="11" failures="0" skipped="11" time="0" errors="0">
<testcase name="Evaluation System and Performance Tests › Code Evaluation System › should evaluate code readability" classname="evaluation-performance.spec.ts" time="0">
<skipped>
</skipped>
</testcase>
<testcase name="Evaluation System and Performance Tests › Code Evaluation System › should assess code quality" classname="evaluation-performance.spec.ts" time="0">
<skipped>
</skipped>
</testcase>
<testcase name="Evaluation System and Performance Tests › Code Evaluation System › should detect defects and bugs" classname="evaluation-performance.spec.ts" time="0">
<skipped>
</skipped>
</testcase>
<testcase name="Evaluation System and Performance Tests › Code Evaluation System › should verify requirement implementation" classname="evaluation-performance.spec.ts" time="0">
<skipped>
</skipped>
</testcase>
<testcase name="Evaluation System and Performance Tests › Code Evaluation System › should provide overall scoring" classname="evaluation-performance.spec.ts" time="0">
<skipped>
</skipped>
</testcase>
<testcase name="Evaluation System and Performance Tests › Code Evaluation System › should handle evaluation errors gracefully" classname="evaluation-performance.spec.ts" time="0">
<skipped>
</skipped>
</testcase>
<testcase name="Evaluation System and Performance Tests › Performance Benchmarks › should generate challenges within acceptable time" classname="evaluation-performance.spec.ts" time="0">
<skipped>
</skipped>
</testcase>
<testcase name="Evaluation System and Performance Tests › Performance Benchmarks › should load Monaco Editor efficiently" classname="evaluation-performance.spec.ts" time="0">
<skipped>
</skipped>
</testcase>
<testcase name="Evaluation System and Performance Tests › Performance Benchmarks › should evaluate code within reasonable time" classname="evaluation-performance.spec.ts" time="0">
<skipped>
</skipped>
</testcase>
<testcase name="Evaluation System and Performance Tests › Performance Benchmarks › should handle large code files efficiently" classname="evaluation-performance.spec.ts" time="0">
<skipped>
</skipped>
</testcase>
<testcase name="Evaluation System and Performance Tests › Memory and Resource Usage › should not cause memory leaks during extended use" classname="evaluation-performance.spec.ts" time="0">
<skipped>
</skipped>
</testcase>
</testsuite>
<testsuite name="mobile-responsiveness.spec.ts" timestamp="2025-08-05T04:59:53.613Z" hostname="Mobile Chrome" tests="10" failures="0" skipped="10" time="0" errors="0">
<testcase name="Mobile Responsiveness Tests › iPhone 12 Tests › should display responsive layout on iPhone 12" classname="mobile-responsiveness.spec.ts" time="0">
<skipped>
</skipped>
</testcase>
<testcase name="Mobile Responsiveness Tests › iPhone 12 Tests › should maintain functionality on iPhone 12" classname="mobile-responsiveness.spec.ts" time="0">
<skipped>
</skipped>
</testcase>
<testcase name="Mobile Responsiveness Tests › iPhone 12 Tests › should handle orientation changes on iPhone 12" classname="mobile-responsiveness.spec.ts" time="0">
<skipped>
</skipped>
</testcase>
<testcase name="Mobile Responsiveness Tests › Pixel 5 Tests › should display responsive layout on Pixel 5" classname="mobile-responsiveness.spec.ts" time="0">
<skipped>
</skipped>
</testcase>
<testcase name="Mobile Responsiveness Tests › Pixel 5 Tests › should maintain functionality on Pixel 5" classname="mobile-responsiveness.spec.ts" time="0">
<skipped>
</skipped>
</testcase>
<testcase name="Mobile Responsiveness Tests › Pixel 5 Tests › should handle orientation changes on Pixel 5" classname="mobile-responsiveness.spec.ts" time="0">
<skipped>
</skipped>
</testcase>
<testcase name="Mobile Responsiveness Tests › iPad Pro Tests › should display responsive layout on iPad Pro" classname="mobile-responsiveness.spec.ts" time="0">
<skipped>
</skipped>
</testcase>
<testcase name="Mobile Responsiveness Tests › iPad Pro Tests › should maintain functionality on iPad Pro" classname="mobile-responsiveness.spec.ts" time="0">
<skipped>
</skipped>
</testcase>
<testcase name="Mobile Responsiveness Tests › iPad Pro Tests › should handle orientation changes on iPad Pro" classname="mobile-responsiveness.spec.ts" time="0">
<skipped>
</skipped>
</testcase>
<testcase name="Mobile Responsiveness Tests › Touch Interaction Tests › should support touch gestures" classname="mobile-responsiveness.spec.ts" time="0">
<skipped>
</skipped>
</testcase>
</testsuite>
<testsuite name="ai-integration.spec.ts" timestamp="2025-08-05T04:59:53.613Z" hostname="Mobile Safari" tests="13" failures="0" skipped="13" time="0" errors="0">
<testcase name="AI Integration and Zoom-a-Friend Tests › Kiro AI Chat Interface › should provide refactoring assistance" classname="ai-integration.spec.ts" time="0">
<skipped>
</skipped>
</testcase>
<testcase name="AI Integration and Zoom-a-Friend Tests › Kiro AI Chat Interface › should generate unit tests" classname="ai-integration.spec.ts" time="0">
<skipped>
</skipped>
</testcase>
<testcase name="AI Integration and Zoom-a-Friend Tests › Kiro AI Chat Interface › should help implement requirements" classname="ai-integration.spec.ts" time="0">
<skipped>
</skipped>
</testcase>
<testcase name="AI Integration and Zoom-a-Friend Tests › Kiro AI Chat Interface › should maintain conversation context" classname="ai-integration.spec.ts" time="0">
<skipped>
</skipped>
</testcase>
<testcase name="AI Integration and Zoom-a-Friend Tests › Kiro AI Chat Interface › should handle AI service errors gracefully" classname="ai-integration.spec.ts" time="0">
<skipped>
</skipped>
</testcase>
<testcase name="AI Integration and Zoom-a-Friend Tests › Zoom-a-Friend Panel › should display team member selection" classname="ai-integration.spec.ts" time="0">
<skipped>
</skipped>
</testcase>
<testcase name="AI Integration and Zoom-a-Friend Tests › Zoom-a-Friend Panel › should provide QA Pufferfish feedback" classname="ai-integration.spec.ts" time="0">
<skipped>
</skipped>
</testcase>
<testcase name="AI Integration and Zoom-a-Friend Tests › Zoom-a-Friend Panel › should provide Architect Owl advice" classname="ai-integration.spec.ts" time="0">
<skipped>
</skipped>
</testcase>
<testcase name="AI Integration and Zoom-a-Friend Tests › Zoom-a-Friend Panel › should provide Product Owner Pig guidance" classname="ai-integration.spec.ts" time="0">
<skipped>
</skipped>
</testcase>
<testcase name="AI Integration and Zoom-a-Friend Tests › Zoom-a-Friend Panel › should provide Senior Developer Cat best practices" classname="ai-integration.spec.ts" time="0">
<skipped>
</skipped>
</testcase>
<testcase name="AI Integration and Zoom-a-Friend Tests › Zoom-a-Friend Panel › should generate animal-themed dialogs with technical terms" classname="ai-integration.spec.ts" time="0">
<skipped>
</skipped>
</testcase>
<testcase name="AI Integration and Zoom-a-Friend Tests › Zoom-a-Friend Panel › should handle multiple team member interactions" classname="ai-integration.spec.ts" time="0">
<skipped>
</skipped>
</testcase>
<testcase name="AI Integration and Zoom-a-Friend Tests › AI and Zoom-a-Friend Integration › should work together seamlessly" classname="ai-integration.spec.ts" time="0">
<skipped>
</skipped>
</testcase>
</testsuite>
<testsuite name="challenge-workflow.spec.ts" timestamp="2025-08-05T04:59:53.613Z" hostname="Mobile Safari" tests="3" failures="0" skipped="3" time="0" errors="0">
<testcase name="Complete Challenge Workflow › should complete full challenge generation and submission workflow" classname="challenge-workflow.spec.ts" time="0">
<skipped>
</skipped>
</testcase>
<testcase name="Complete Challenge Workflow › should handle error scenarios gracefully" classname="challenge-workflow.spec.ts" time="0">
<skipped>
</skipped>
</testcase>
<testcase name="Complete Challenge Workflow › should support keyboard navigation" classname="challenge-workflow.spec.ts" time="0">
<skipped>
</skipped>
</testcase>
</testsuite>
<testsuite name="comprehensive-workflow.spec.ts" timestamp="2025-08-05T04:59:53.613Z" hostname="Mobile Safari" tests="5" failures="0" skipped="5" time="0" errors="0">
<testcase name="Comprehensive Application Workflow › should complete full application workflow with performance monitoring" classname="comprehensive-workflow.spec.ts" time="0">
<skipped>
</skipped>
</testcase>
<testcase name="Comprehensive Application Workflow › should handle error scenarios gracefully" classname="comprehensive-workflow.spec.ts" time="0">
<skipped>
</skipped>
</testcase>
<testcase name="Comprehensive Application Workflow › should maintain performance under load" classname="comprehensive-workflow.spec.ts" time="0">
<skipped>
</skipped>
</testcase>
<testcase name="Comprehensive Application Workflow › should work correctly across different challenge types" classname="comprehensive-workflow.spec.ts" time="0">
<skipped>
</skipped>
</testcase>
<testcase name="Comprehensive Application Workflow › should support advanced user interactions" classname="comprehensive-workflow.spec.ts" time="0">
<skipped>
</skipped>
</testcase>
</testsuite>
<testsuite name="cross-browser-compatibility.spec.ts" timestamp="2025-08-05T04:59:53.613Z" hostname="Mobile Safari" tests="27" failures="0" skipped="27" time="0" errors="0">
<testcase name="Cross-Browser Compatibility Tests › Chromium Browser Tests › should work correctly in Chromium" classname="cross-browser-compatibility.spec.ts" time="0">
<skipped>
</skipped>
</testcase>
<testcase name="Cross-Browser Compatibility Tests › Chromium Browser Tests › should handle form interactions in Chromium" classname="cross-browser-compatibility.spec.ts" time="0">
<skipped>
</skipped>
</testcase>
<testcase name="Cross-Browser Compatibility Tests › Chromium Browser Tests › should support keyboard navigation in Chromium" classname="cross-browser-compatibility.spec.ts" time="0">
<skipped>
</skipped>
</testcase>
<testcase name="Cross-Browser Compatibility Tests › Chromium Browser Tests › should handle responsive design in Chromium" classname="cross-browser-compatibility.spec.ts" time="0">
<skipped>
</skipped>
</testcase>
<testcase name="Cross-Browser Compatibility Tests › Chromium Browser Tests › should handle error scenarios in Chromium" classname="cross-browser-compatibility.spec.ts" time="0">
<skipped>
</skipped>
</testcase>
<testcase name="Cross-Browser Compatibility Tests › Firefox Browser Tests › should work correctly in Firefox" classname="cross-browser-compatibility.spec.ts" time="0">
<skipped>
</skipped>
</testcase>
<testcase name="Cross-Browser Compatibility Tests › Firefox Browser Tests › should handle form interactions in Firefox" classname="cross-browser-compatibility.spec.ts" time="0">
<skipped>
</skipped>
</testcase>
<testcase name="Cross-Browser Compatibility Tests › Firefox Browser Tests › should support keyboard navigation in Firefox" classname="cross-browser-compatibility.spec.ts" time="0">
<skipped>
</skipped>
</testcase>
<testcase name="Cross-Browser Compatibility Tests › Firefox Browser Tests › should handle responsive design in Firefox" classname="cross-browser-compatibility.spec.ts" time="0">
<skipped>
</skipped>
</testcase>
<testcase name="Cross-Browser Compatibility Tests › Firefox Browser Tests › should handle error scenarios in Firefox" classname="cross-browser-compatibility.spec.ts" time="0">
<skipped>
</skipped>
</testcase>
<testcase name="Cross-Browser Compatibility Tests › WebKit Browser Tests › should work correctly in WebKit" classname="cross-browser-compatibility.spec.ts" time="0">
<skipped>
</skipped>
</testcase>
<testcase name="Cross-Browser Compatibility Tests › WebKit Browser Tests › should handle form interactions in WebKit" classname="cross-browser-compatibility.spec.ts" time="0">
<skipped>
</skipped>
</testcase>
<testcase name="Cross-Browser Compatibility Tests › WebKit Browser Tests › should support keyboard navigation in WebKit" classname="cross-browser-compatibility.spec.ts" time="0">
<skipped>
</skipped>
</testcase>
<testcase name="Cross-Browser Compatibility Tests › WebKit Browser Tests › should handle responsive design in WebKit" classname="cross-browser-compatibility.spec.ts" time="0">
<skipped>
</skipped>
</testcase>
<testcase name="Cross-Browser Compatibility Tests › WebKit Browser Tests › should handle error scenarios in WebKit" classname="cross-browser-compatibility.spec.ts" time="0">
<skipped>
</skipped>
</testcase>
<testcase name="Cross-Browser Compatibility Tests › Edge Browser Tests › should work correctly in Edge" classname="cross-browser-compatibility.spec.ts" time="0">
<skipped>
</skipped>
</testcase>
<testcase name="Cross-Browser Compatibility Tests › Edge Browser Tests › should handle form interactions in Edge" classname="cross-browser-compatibility.spec.ts" time="0">
<skipped>
</skipped>
</testcase>
<testcase name="Cross-Browser Compatibility Tests › Edge Browser Tests › should support keyboard navigation in Edge" classname="cross-browser-compatibility.spec.ts" time="0">
<skipped>
</skipped>
</testcase>
<testcase name="Cross-Browser Compatibility Tests › Edge Browser Tests › should handle responsive design in Edge" classname="cross-browser-compatibility.spec.ts" time="0">
<skipped>
</skipped>
</testcase>
<testcase name="Cross-Browser Compatibility Tests › Edge Browser Tests › should handle error scenarios in Edge" classname="cross-browser-compatibility.spec.ts" time="0">
<skipped>
</skipped>
</testcase>
<testcase name="Cross-Browser Compatibility Tests › Chrome Browser Tests › should work correctly in Chrome" classname="cross-browser-compatibility.spec.ts" time="0">
<skipped>
</skipped>
</testcase>
<testcase name="Cross-Browser Compatibility Tests › Chrome Browser Tests › should handle form interactions in Chrome" classname="cross-browser-compatibility.spec.ts" time="0">
<skipped>
</skipped>
</testcase>
<testcase name="Cross-Browser Compatibility Tests › Chrome Browser Tests › should support keyboard navigation in Chrome" classname="cross-browser-compatibility.spec.ts" time="0">
<skipped>
</skipped>
</testcase>
<testcase name="Cross-Browser Compatibility Tests › Chrome Browser Tests › should handle responsive design in Chrome" classname="cross-browser-compatibility.spec.ts" time="0">
<skipped>
</skipped>
</testcase>
<testcase name="Cross-Browser Compatibility Tests › Chrome Browser Tests › should handle error scenarios in Chrome" classname="cross-browser-compatibility.spec.ts" time="0">
<skipped>
</skipped>
</testcase>
<testcase name="Cross-Browser Compatibility Tests › Feature Support Detection › should detect and handle missing features gracefully" classname="cross-browser-compatibility.spec.ts" time="0">
<skipped>
</skipped>
</testcase>
<testcase name="Cross-Browser Compatibility Tests › Performance Across Browsers › should maintain performance standards across browsers" classname="cross-browser-compatibility.spec.ts" time="0">
<skipped>
</skipped>
</testcase>
</testsuite>
<testsuite name="evaluation-performance.spec.ts" timestamp="2025-08-05T04:59:53.613Z" hostname="Mobile Safari" tests="11" failures="0" skipped="11" time="0" errors="0">
<testcase name="Evaluation System and Performance Tests › Code Evaluation System › should evaluate code readability" classname="evaluation-performance.spec.ts" time="0">
<skipped>
</skipped>
</testcase>
<testcase name="Evaluation System and Performance Tests › Code Evaluation System › should assess code quality" classname="evaluation-performance.spec.ts" time="0">
<skipped>
</skipped>
</testcase>
<testcase name="Evaluation System and Performance Tests › Code Evaluation System › should detect defects and bugs" classname="evaluation-performance.spec.ts" time="0">
<skipped>
</skipped>
</testcase>
<testcase name="Evaluation System and Performance Tests › Code Evaluation System › should verify requirement implementation" classname="evaluation-performance.spec.ts" time="0">
<skipped>
</skipped>
</testcase>
<testcase name="Evaluation System and Performance Tests › Code Evaluation System › should provide overall scoring" classname="evaluation-performance.spec.ts" time="0">
<skipped>
</skipped>
</testcase>
<testcase name="Evaluation System and Performance Tests › Code Evaluation System › should handle evaluation errors gracefully" classname="evaluation-performance.spec.ts" time="0">
<skipped>
</skipped>
</testcase>
<testcase name="Evaluation System and Performance Tests › Performance Benchmarks › should generate challenges within acceptable time" classname="evaluation-performance.spec.ts" time="0">
<skipped>
</skipped>
</testcase>
<testcase name="Evaluation System and Performance Tests › Performance Benchmarks › should load Monaco Editor efficiently" classname="evaluation-performance.spec.ts" time="0">
<skipped>
</skipped>
</testcase>
<testcase name="Evaluation System and Performance Tests › Performance Benchmarks › should evaluate code within reasonable time" classname="evaluation-performance.spec.ts" time="0">
<skipped>
</skipped>
</testcase>
<testcase name="Evaluation System and Performance Tests › Performance Benchmarks › should handle large code files efficiently" classname="evaluation-performance.spec.ts" time="0">
<skipped>
</skipped>
</testcase>
<testcase name="Evaluation System and Performance Tests › Memory and Resource Usage › should not cause memory leaks during extended use" classname="evaluation-performance.spec.ts" time="0">
<skipped>
</skipped>
</testcase>
</testsuite>
<testsuite name="mobile-responsiveness.spec.ts" timestamp="2025-08-05T04:59:53.613Z" hostname="Mobile Safari" tests="10" failures="0" skipped="10" time="0" errors="0">
<testcase name="Mobile Responsiveness Tests › iPhone 12 Tests › should display responsive layout on iPhone 12" classname="mobile-responsiveness.spec.ts" time="0">
<skipped>
</skipped>
</testcase>
<testcase name="Mobile Responsiveness Tests › iPhone 12 Tests › should maintain functionality on iPhone 12" classname="mobile-responsiveness.spec.ts" time="0">
<skipped>
</skipped>
</testcase>
<testcase name="Mobile Responsiveness Tests › iPhone 12 Tests › should handle orientation changes on iPhone 12" classname="mobile-responsiveness.spec.ts" time="0">
<skipped>
</skipped>
</testcase>
<testcase name="Mobile Responsiveness Tests › Pixel 5 Tests › should display responsive layout on Pixel 5" classname="mobile-responsiveness.spec.ts" time="0">
<skipped>
</skipped>
</testcase>
<testcase name="Mobile Responsiveness Tests › Pixel 5 Tests › should maintain functionality on Pixel 5" classname="mobile-responsiveness.spec.ts" time="0">
<skipped>
</skipped>
</testcase>
<testcase name="Mobile Responsiveness Tests › Pixel 5 Tests › should handle orientation changes on Pixel 5" classname="mobile-responsiveness.spec.ts" time="0">
<skipped>
</skipped>
</testcase>
<testcase name="Mobile Responsiveness Tests › iPad Pro Tests › should display responsive layout on iPad Pro" classname="mobile-responsiveness.spec.ts" time="0">
<skipped>
</skipped>
</testcase>
<testcase name="Mobile Responsiveness Tests › iPad Pro Tests › should maintain functionality on iPad Pro" classname="mobile-responsiveness.spec.ts" time="0">
<skipped>
</skipped>
</testcase>
<testcase name="Mobile Responsiveness Tests › iPad Pro Tests › should handle orientation changes on iPad Pro" classname="mobile-responsiveness.spec.ts" time="0">
<skipped>
</skipped>
</testcase>
<testcase name="Mobile Responsiveness Tests › Touch Interaction Tests › should support touch gestures" classname="mobile-responsiveness.spec.ts" time="0">
<skipped>
</skipped>
</testcase>
</testsuite>
<testsuite name="ai-integration.spec.ts" timestamp="2025-08-05T04:59:53.613Z" hostname="Microsoft Edge" tests="13" failures="0" skipped="13" time="0" errors="0">
<testcase name="AI Integration and Zoom-a-Friend Tests › Kiro AI Chat Interface › should provide refactoring assistance" classname="ai-integration.spec.ts" time="0">
<skipped>
</skipped>
</testcase>
<testcase name="AI Integration and Zoom-a-Friend Tests › Kiro AI Chat Interface › should generate unit tests" classname="ai-integration.spec.ts" time="0">
<skipped>
</skipped>
</testcase>
<testcase name="AI Integration and Zoom-a-Friend Tests › Kiro AI Chat Interface › should help implement requirements" classname="ai-integration.spec.ts" time="0">
<skipped>
</skipped>
</testcase>
<testcase name="AI Integration and Zoom-a-Friend Tests › Kiro AI Chat Interface › should maintain conversation context" classname="ai-integration.spec.ts" time="0">
<skipped>
</skipped>
</testcase>
<testcase name="AI Integration and Zoom-a-Friend Tests › Kiro AI Chat Interface › should handle AI service errors gracefully" classname="ai-integration.spec.ts" time="0">
<skipped>
</skipped>
</testcase>
<testcase name="AI Integration and Zoom-a-Friend Tests › Zoom-a-Friend Panel › should display team member selection" classname="ai-integration.spec.ts" time="0">
<skipped>
</skipped>
</testcase>
<testcase name="AI Integration and Zoom-a-Friend Tests › Zoom-a-Friend Panel › should provide QA Pufferfish feedback" classname="ai-integration.spec.ts" time="0">
<skipped>
</skipped>
</testcase>
<testcase name="AI Integration and Zoom-a-Friend Tests › Zoom-a-Friend Panel › should provide Architect Owl advice" classname="ai-integration.spec.ts" time="0">
<skipped>
</skipped>
</testcase>
<testcase name="AI Integration and Zoom-a-Friend Tests › Zoom-a-Friend Panel › should provide Product Owner Pig guidance" classname="ai-integration.spec.ts" time="0">
<skipped>
</skipped>
</testcase>
<testcase name="AI Integration and Zoom-a-Friend Tests › Zoom-a-Friend Panel › should provide Senior Developer Cat best practices" classname="ai-integration.spec.ts" time="0">
<skipped>
</skipped>
</testcase>
<testcase name="AI Integration and Zoom-a-Friend Tests › Zoom-a-Friend Panel › should generate animal-themed dialogs with technical terms" classname="ai-integration.spec.ts" time="0">
<skipped>
</skipped>
</testcase>
<testcase name="AI Integration and Zoom-a-Friend Tests › Zoom-a-Friend Panel › should handle multiple team member interactions" classname="ai-integration.spec.ts" time="0">
<skipped>
</skipped>
</testcase>
<testcase name="AI Integration and Zoom-a-Friend Tests › AI and Zoom-a-Friend Integration › should work together seamlessly" classname="ai-integration.spec.ts" time="0">
<skipped>
</skipped>
</testcase>
</testsuite>
<testsuite name="challenge-workflow.spec.ts" timestamp="2025-08-05T04:59:53.613Z" hostname="Microsoft Edge" tests="3" failures="0" skipped="3" time="0" errors="0">
<testcase name="Complete Challenge Workflow › should complete full challenge generation and submission workflow" classname="challenge-workflow.spec.ts" time="0">
<skipped>
</skipped>
</testcase>
<testcase name="Complete Challenge Workflow › should handle error scenarios gracefully" classname="challenge-workflow.spec.ts" time="0">
<skipped>
</skipped>
</testcase>
<testcase name="Complete Challenge Workflow › should support keyboard navigation" classname="challenge-workflow.spec.ts" time="0">
<skipped>
</skipped>
</testcase>
</testsuite>
<testsuite name="comprehensive-workflow.spec.ts" timestamp="2025-08-05T04:59:53.613Z" hostname="Microsoft Edge" tests="5" failures="0" skipped="5" time="0" errors="0">
<testcase name="Comprehensive Application Workflow › should complete full application workflow with performance monitoring" classname="comprehensive-workflow.spec.ts" time="0">
<skipped>
</skipped>
</testcase>
<testcase name="Comprehensive Application Workflow › should handle error scenarios gracefully" classname="comprehensive-workflow.spec.ts" time="0">
<skipped>
</skipped>
</testcase>
<testcase name="Comprehensive Application Workflow › should maintain performance under load" classname="comprehensive-workflow.spec.ts" time="0">
<skipped>
</skipped>
</testcase>
<testcase name="Comprehensive Application Workflow › should work correctly across different challenge types" classname="comprehensive-workflow.spec.ts" time="0">
<skipped>
</skipped>
</testcase>
<testcase name="Comprehensive Application Workflow › should support advanced user interactions" classname="comprehensive-workflow.spec.ts" time="0">
<skipped>
</skipped>
</testcase>
</testsuite>
<testsuite name="cross-browser-compatibility.spec.ts" timestamp="2025-08-05T04:59:53.613Z" hostname="Microsoft Edge" tests="27" failures="0" skipped="27" time="0" errors="0">
[...]
<skipped>
</skipped>
</testcase>
<testcase name="Cross-Browser Compatibility Tests › Performance Across Browsers › should maintain performance standards across browsers" classname="cross-browser-compatibility.spec.ts" time="0">
<skipped>
</skipped>
</testcase>
</testsuite>
<testsuite name="evaluation-performance.spec.ts" timestamp="2025-08-05T04:59:53.613Z" hostname="Google Chrome" tests="11" failures="0" skipped="11" time="0" errors="0">
<testcase name="Evaluation System and Performance Tests › Code Evaluation System › should evaluate code readability" classname="evaluation-performance.spec.ts" time="0">
<skipped>
</skipped>
</testcase>
<testcase name="Evaluation System and Performance Tests › Code Evaluation System › should assess code quality" classname="evaluation-performance.spec.ts" time="0">
<skipped>
</skipped>
</testcase>
<testcase name="Evaluation System and Performance Tests › Code Evaluation System › should detect defects and bugs" classname="evaluation-performance.spec.ts" time="0">
<skipped>
</skipped>
</testcase>
<testcase name="Evaluation System and Performance Tests › Code Evaluation System › should verify requirement implementation" classname="evaluation-performance.spec.ts" time="0">
<skipped>
</skipped>
</testcase>
<testcase name="Evaluation System and Performance Tests › Code Evaluation System › should provide overall scoring" classname="evaluation-performance.spec.ts" time="0">
<skipped>
</skipped>
</testcase>
<testcase name="Evaluation System and Performance Tests › Code Evaluation System › should handle evaluation errors gracefully" classname="evaluation-performance.spec.ts" time="0">
<skipped>
</skipped>
</testcase>
<testcase name="Evaluation System and Performance Tests › Performance Benchmarks › should generate challenges within acceptable time" classname="evaluation-performance.spec.ts" time="0">
<skipped>
</skipped>
</testcase>
<testcase name="Evaluation System and Performance Tests › Performance Benchmarks › should load Monaco Editor efficiently" classname="evaluation-performance.spec.ts" time="0">
<skipped>
</skipped>
</testcase>
<testcase name="Evaluation System and Performance Tests › Performance Benchmarks › should evaluate code within reasonable time" classname="evaluation-performance.spec.ts" time="0">
<skipped>
</skipped>
</testcase>
<testcase name="Evaluation System and Performance Tests › Performance Benchmarks › should handle large code files efficiently" classname="evaluation-performance.spec.ts" time="0">
<skipped>
</skipped>
</testcase>
<testcase name="Evaluation System and Performance Tests › Memory and Resource Usage › should not cause memory leaks during extended use" classname="evaluation-performance.spec.ts" time="0">
<skipped>
</skipped>
</testcase>
</testsuite>
<testsuite name="mobile-responsiveness.spec.ts" timestamp="2025-08-05T04:59:53.613Z" hostname="Google Chrome" tests="10" failures="0" skipped="10" time="0" errors="0">
<testcase name="Mobile Responsiveness Tests › iPhone 12 Tests › should display responsive layout on iPhone 12" classname="mobile-responsiveness.spec.ts" time="0">
<skipped>
</skipped>
</testcase>
<testcase name="Mobile Responsiveness Tests › iPhone 12 Tests › should maintain functionality on iPhone 12" classname="mobile-responsiveness.spec.ts" time="0">
<skipped>
</skipped>
</testcase>
<testcase name="Mobile Responsiveness Tests › iPhone 12 Tests › should handle orientation changes on iPhone 12" classname="mobile-responsiveness.spec.ts" time="0">
<skipped>
</skipped>
</testcase>
<testcase name="Mobile Responsiveness Tests › Pixel 5 Tests › should display responsive layout on Pixel 5" classname="mobile-responsiveness.spec.ts" time="0">
<skipped>
</skipped>
</testcase>
<testcase name="Mobile Responsiveness Tests › Pixel 5 Tests › should maintain functionality on Pixel 5" classname="mobile-responsiveness.spec.ts" time="0">
<skipped>
</skipped>
</testcase>
<testcase name="Mobile Responsiveness Tests › Pixel 5 Tests › should handle orientation changes on Pixel 5" classname="mobile-responsiveness.spec.ts" time="0">
<skipped>
</skipped>
</testcase>
<testcase name="Mobile Responsiveness Tests › iPad Pro Tests › should display responsive layout on iPad Pro" classname="mobile-responsiveness.spec.ts" time="0">
<skipped>
</skipped>
</testcase>
<testcase name="Mobile Responsiveness Tests › iPad Pro Tests › should maintain functionality on iPad Pro" classname="mobile-responsiveness.spec.ts" time="0">
<skipped>
</skipped>
</testcase>
<testcase name="Mobile Responsiveness Tests › iPad Pro Tests › should handle orientation changes on iPad Pro" classname="mobile-responsiveness.spec.ts" time="0">
<skipped>
</skipped>
</testcase>
<testcase name="Mobile Responsiveness Tests › Touch Interaction Tests › should support touch gestures" classname="mobile-responsiveness.spec.ts" time="0">
<skipped>
</skipped>
</testcase>
</testsuite>
<testsuite name="ai-integration.spec.ts" timestamp="2025-08-05T04:59:53.613Z" hostname="iPad" tests="13" failures="0" skipped="13" time="0" errors="0">
<testcase name="AI Integration and Zoom-a-Friend Tests › Kiro AI Chat Interface › should provide refactoring assistance" classname="ai-integration.spec.ts" time="0">
<skipped>
</skipped>
</testcase>
<testcase name="AI Integration and Zoom-a-Friend Tests › Kiro AI Chat Interface › should generate unit tests" classname="ai-integration.spec.ts" time="0">
<skipped>
</skipped>
</testcase>
<testcase name="AI Integration and Zoom-a-Friend Tests › Kiro AI Chat Interface › should help implement requirements" classname="ai-integration.spec.ts" time="0">
<skipped>
</skipped>
</testcase>
<testcase name="AI Integration and Zoom-a-Friend Tests › Kiro AI Chat Interface › should maintain conversation context" classname="ai-integration.spec.ts" time="0">
<skipped>
</skipped>
</testcase>
<testcase name="AI Integration and Zoom-a-Friend Tests › Kiro AI Chat Interface › should handle AI service errors gracefully" classname="ai-integration.spec.ts" time="0">
<skipped>
</skipped>
</testcase>
<testcase name="AI Integration and Zoom-a-Friend Tests › Zoom-a-Friend Panel › should display team member selection" classname="ai-integration.spec.ts" time="0">
<skipped>
</skipped>
</testcase>
<testcase name="AI Integration and Zoom-a-Friend Tests › Zoom-a-Friend Panel › should provide QA Pufferfish feedback" classname="ai-integration.spec.ts" time="0">
<skipped>
</skipped>
</testcase>
<testcase name="AI Integration and Zoom-a-Friend Tests › Zoom-a-Friend Panel › should provide Architect Owl advice" classname="ai-integration.spec.ts" time="0">
<skipped>
</skipped>
</testcase>
<testcase name="AI Integration and Zoom-a-Friend Tests › Zoom-a-Friend Panel › should provide Product Owner Pig guidance" classname="ai-integration.spec.ts" time="0">
<skipped>
</skipped>
</testcase>
<testcase name="AI Integration and Zoom-a-Friend Tests › Zoom-a-Friend Panel › should provide Senior Developer Cat best practices" classname="ai-integration.spec.ts" time="0">
<skipped>
</skipped>
</testcase>
<testcase name="AI Integration and Zoom-a-Friend Tests › Zoom-a-Friend Panel › should generate animal-themed dialogs with technical terms" classname="ai-integration.spec.ts" time="0">
<skipped>
</skipped>
</testcase>
<testcase name="AI Integration and Zoom-a-Friend Tests › Zoom-a-Friend Panel › should handle multiple team member interactions" classname="ai-integration.spec.ts" time="0">
<skipped>
</skipped>
</testcase>
<testcase name="AI Integration and Zoom-a-Friend Tests › AI and Zoom-a-Friend Integration › should work together seamlessly" classname="ai-integration.spec.ts" time="0">
<skipped>
</skipped>
</testcase>
</testsuite>
<testsuite name="challenge-workflow.spec.ts" timestamp="2025-08-05T04:59:53.613Z" hostname="iPad" tests="3" failures="0" skipped="3" time="0" errors="0">
<testcase name="Complete Challenge Workflow › should complete full challenge generation and submission workflow" classname="challenge-workflow.spec.ts" time="0">
<skipped>
</skipped>
</testcase>
<testcase name="Complete Challenge Workflow › should handle error scenarios gracefully" classname="challenge-workflow.spec.ts" time="0">
<skipped>
</skipped>
</testcase>
<testcase name="Complete Challenge Workflow › should support keyboard navigation" classname="challenge-workflow.spec.ts" time="0">
<skipped>
</skipped>
</testcase>
</testsuite>
<testsuite name="comprehensive-workflow.spec.ts" timestamp="2025-08-05T04:59:53.613Z" hostname="iPad" tests="5" failures="0" skipped="5" time="0" errors="0">
<testcase name="Comprehensive Application Workflow › should complete full application workflow with performance monitoring" classname="comprehensive-workflow.spec.ts" time="0">
<skipped>
</skipped>
</testcase>
<testcase name="Comprehensive Application Workflow › should handle error scenarios gracefully" classname="comprehensive-workflow.spec.ts" time="0">
<skipped>
</skipped>
</testcase>
<testcase name="Comprehensive Application Workflow › should maintain performance under load" classname="comprehensive-workflow.spec.ts" time="0">
<skipped>
</skipped>
</testcase>
<testcase name="Comprehensive Application Workflow › should work correctly across different challenge types" classname="comprehensive-workflow.spec.ts" time="0">
<skipped>
</skipped>
</testcase>
<testcase name="Comprehensive Application Workflow › should support advanced user interactions" classname="comprehensive-workflow.spec.ts" time="0">
<skipped>
</skipped>
</testcase>
</testsuite>
<testsuite name="cross-browser-compatibility.spec.ts" timestamp="2025-08-05T04:59:53.613Z" hostname="iPad" tests="27" failures="0" skipped="27" time="0" errors="0">
<testcase name="Cross-Browser Compatibility Tests › Chromium Browser Tests › should work correctly in Chromium" classname="cross-browser-compatibility.spec.ts" time="0">
<skipped>
</skipped>
</testcase>
<testcase name="Cross-Browser Compatibility Tests › Chromium Browser Tests › should handle form interactions in Chromium" classname="cross-browser-compatibility.spec.ts" time="0">
<skipped>
</skipped>
</testcase>
<testcase name="Cross-Browser Compatibility Tests › Chromium Browser Tests › should support keyboard navigation in Chromium" classname="cross-browser-compatibility.spec.ts" time="0">
<skipped>
</skipped>
</testcase>
<testcase name="Cross-Browser Compatibility Tests › Chromium Browser Tests › should handle responsive design in Chromium" classname="cross-browser-compatibility.spec.ts" time="0">
<skipped>
</skipped>
</testcase>
<testcase name="Cross-Browser Compatibility Tests › Chromium Browser Tests › should handle error scenarios in Chromium" classname="cross-browser-compatibility.spec.ts" time="0">
<skipped>
</skipped>
</testcase>
<testcase name="Cross-Browser Compatibility Tests › Firefox Browser Tests › should work correctly in Firefox" classname="cross-browser-compatibility.spec.ts" time="0">
<skipped>
</skipped>
</testcase>
<testcase name="Cross-Browser Compatibility Tests › Firefox Browser Tests › should handle form interactions in Firefox" classname="cross-browser-compatibility.spec.ts" time="0">
<skipped>
</skipped>
</testcase>
<testcase name="Cross-Browser Compatibility Tests › Firefox Browser Tests › should support keyboard navigation in Firefox" classname="cross-browser-compatibility.spec.ts" time="0">
<skipped>
</skipped>
</testcase>
<testcase name="Cross-Browser Compatibility Tests › Firefox Browser Tests › should handle responsive design in Firefox" classname="cross-browser-compatibility.spec.ts" time="0">
<skipped>
</skipped>
</testcase>
<testcase name="Cross-Browser Compatibility Tests › Firefox Browser Tests › should handle error scenarios in Firefox" classname="cross-browser-compatibility.spec.ts" time="0">
<skipped>
</skipped>
</testcase>
<testcase name="Cross-Browser Compatibility Tests › WebKit Browser Tests › should work correctly in WebKit" classname="cross-browser-compatibility.spec.ts" time="0">
<skipped>
</skipped>
</testcase>
<testcase name="Cross-Browser Compatibility Tests › WebKit Browser Tests › should handle form interactions in WebKit" classname="cross-browser-compatibility.spec.ts" time="0">
<skipped>
</skipped>
</testcase>
<testcase name="Cross-Browser Compatibility Tests › WebKit Browser Tests › should support keyboard navigation in WebKit" classname="cross-browser-compatibility.spec.ts" time="0">
<skipped>
</skipped>
</testcase>
<testcase name="Cross-Browser Compatibility Tests › WebKit Browser Tests › should handle responsive design in WebKit" classname="cross-browser-compatibility.spec.ts" time="0">
<skipped>
</skipped>
</testcase>
<testcase name="Cross-Browser Compatibility Tests › WebKit Browser Tests › should handle error scenarios in WebKit" classname="cross-browser-compatibility.spec.ts" time="0">
<skipped>
</skipped>
</testcase>
<testcase name="Cross-Browser Compatibility Tests › Edge Browser Tests › should work correctly in Edge" classname="cross-browser-compatibility.spec.ts" time="0">
<skipped>
</skipped>
</testcase>
<testcase name="Cross-Browser Compatibility Tests › Edge Browser Tests › should handle form interactions in Edge" classname="cross-browser-compatibility.spec.ts" time="0">
<skipped>
</skipped>
</testcase>
<testcase name="Cross-Browser Compatibility Tests › Edge Browser Tests › should support keyboard navigation in Edge" classname="cross-browser-compatibility.spec.ts" time="0">
<skipped>
</skipped>
</testcase>
<testcase name="Cross-Browser Compatibility Tests › Edge Browser Tests › should handle responsive design in Edge" classname="cross-browser-compatibility.spec.ts" time="0">
<skipped>
</skipped>
</testcase>
<testcase name="Cross-Browser Compatibility Tests › Edge Browser Tests › should handle error scenarios in Edge" classname="cross-browser-compatibility.spec.ts" time="0">
<skipped>
</skipped>
</testcase>
<testcase name="Cross-Browser Compatibility Tests › Chrome Browser Tests › should work correctly in Chrome" classname="cross-browser-compatibility.spec.ts" time="0">
<skipped>
</skipped>
</testcase>
<testcase name="Cross-Browser Compatibility Tests › Chrome Browser Tests › should handle form interactions in Chrome" classname="cross-browser-compatibility.spec.ts" time="0">
<skipped>
</skipped>
</testcase>
<testcase name="Cross-Browser Compatibility Tests › Chrome Browser Tests › should support keyboard navigation in Chrome" classname="cross-browser-compatibility.spec.ts" time="0">
<skipped>
</skipped>
</testcase>
<testcase name="Cross-Browser Compatibility Tests › Chrome Browser Tests › should handle responsive design in Chrome" classname="cross-browser-compatibility.spec.ts" time="0">
<skipped>
</skipped>
</testcase>
<testcase name="Cross-Browser Compatibility Tests › Chrome Browser Tests › should handle error scenarios in Chrome" classname="cross-browser-compatibility.spec.ts" time="0">
<skipped>
</skipped>
</testcase>
<testcase name="Cross-Browser Compatibility Tests › Feature Support Detection › should detect and handle missing features gracefully" classname="cross-browser-compatibility.spec.ts" time="0">
<skipped>
</skipped>
</testcase>
<testcase name="Cross-Browser Compatibility Tests › Performance Across Browsers › should maintain performance standards across browsers" classname="cross-browser-compatibility.spec.ts" time="0">
<skipped>
</skipped>
</testcase>
</testsuite>
<testsuite name="evaluation-performance.spec.ts" timestamp="2025-08-05T04:59:53.613Z" hostname="iPad" tests="11" failures="0" skipped="11" time="0" errors="0">
<testcase name="Evaluation System and Performance Tests › Code Evaluation System › should evaluate code readability" classname="evaluation-performance.spec.ts" time="0">
<skipped>
</skipped>
</testcase>
<testcase name="Evaluation System and Performance Tests › Code Evaluation System › should assess code quality" classname="evaluation-performance.spec.ts" time="0">
<skipped>
</skipped>
</testcase>
<testcase name="Evaluation System and Performance Tests › Code Evaluation System › should detect defects and bugs" classname="evaluation-performance.spec.ts" time="0">
<skipped>
</skipped>
</testcase>
<testcase name="Evaluation System and Performance Tests › Code Evaluation System › should verify requirement implementation" classname="evaluation-performance.spec.ts" time="0">
<skipped>
</skipped>
</testcase>
<testcase name="Evaluation System and Performance Tests › Code Evaluation System › should provide overall scoring" classname="evaluation-performance.spec.ts" time="0">
<skipped>
</skipped>
</testcase>
<testcase name="Evaluation System and Performance Tests › Code Evaluation System › should handle evaluation errors gracefully" classname="evaluation-performance.spec.ts" time="0">
<skipped>
</skipped>
</testcase>
<testcase name="Evaluation System and Performance Tests › Performance Benchmarks › should generate challenges within acceptable time" classname="evaluation-performance.spec.ts" time="0">
<skipped>
</skipped>
</testcase>
<testcase name="Evaluation System and Performance Tests › Performance Benchmarks › should load Monaco Editor efficiently" classname="evaluation-performance.spec.ts" time="0">
<skipped>
</skipped>
</testcase>
<testcase name="Evaluation System and Performance Tests › Performance Benchmarks › should evaluate code within reasonable time" classname="evaluation-performance.spec.ts" time="0">
<skipped>
</skipped>
</testcase>
<testcase name="Evaluation System and Performance Tests › Performance Benchmarks › should handle large code files efficiently" classname="evaluation-performance.spec.ts" time="0">
<skipped>
</skipped>
</testcase>
<testcase name="Evaluation System and Performance Tests › Memory and Resource Usage › should not cause memory leaks during extended use" classname="evaluation-performance.spec.ts" time="0">
<skipped>
</skipped>
</testcase>
</testsuite>
<testsuite name="mobile-responsiveness.spec.ts" timestamp="2025-08-05T04:59:53.613Z" hostname="iPad" tests="10" failures="0" skipped="10" time="0" errors="0">
<testcase name="Mobile Responsiveness Tests › iPhone 12 Tests › should display responsive layout on iPhone 12" classname="mobile-responsiveness.spec.ts" time="0">
<skipped>
</skipped>
</testcase>
<testcase name="Mobile Responsiveness Tests › iPhone 12 Tests › should maintain functionality on iPhone 12" classname="mobile-responsiveness.spec.ts" time="0">
<skipped>
</skipped>
</testcase>
<testcase name="Mobile Responsiveness Tests › iPhone 12 Tests › should handle orientation changes on iPhone 12" classname="mobile-responsiveness.spec.ts" time="0">
<skipped>
</skipped>
</testcase>
<testcase name="Mobile Responsiveness Tests › Pixel 5 Tests › should display responsive layout on Pixel 5" classname="mobile-responsiveness.spec.ts" time="0">
<skipped>
</skipped>
</testcase>
<testcase name="Mobile Responsiveness Tests › Pixel 5 Tests › should maintain functionality on Pixel 5" classname="mobile-responsiveness.spec.ts" time="0">
<skipped>
</skipped>
</testcase>
<testcase name="Mobile Responsiveness Tests › Pixel 5 Tests › should handle orientation changes on Pixel 5" classname="mobile-responsiveness.spec.ts" time="0">
<skipped>
</skipped>
</testcase>
<testcase name="Mobile Responsiveness Tests › iPad Pro Tests › should display responsive layout on iPad Pro" classname="mobile-responsiveness.spec.ts" time="0">
<skipped>
</skipped>
</testcase>
<testcase name="Mobile Responsiveness Tests › iPad Pro Tests › should maintain functionality on iPad Pro" classname="mobile-responsiveness.spec.ts" time="0">
<skipped>
</skipped>
</testcase>
<testcase name="Mobile Responsiveness Tests › iPad Pro Tests › should handle orientation changes on iPad Pro" classname="mobile-responsiveness.spec.ts" time="0">
<skipped>
</skipped>
</testcase>
<testcase name="Mobile Responsiveness Tests › Touch Interaction Tests › should support touch gestures" classname="mobile-responsiveness.spec.ts" time="0">
<skipped>
</skipped>
</testcase>
</testsuite>
</testsuites>