{"numTotalTestSuites":254,"numPassedTestSuites":204,"numFailedTestSuites":50,"numPendingTestSuites":0,"numTotalTests":636,"numPassedTests":433,"numFailedTests":44,"numPendingTests":159,"numTodoTests":0,"snapshot":{"added":0,"failure":false,"filesAdded":0,"filesRemoved":0,"filesRemovedList":[],"filesUnmatched":0,"filesUpdated":0,"matched":0,"total":0,"unchecked":0,"uncheckedKeysByFile":[],"unmatched":0,"updated":0,"didUpdate":false},"startTime":1755981228486,"success":false,"testResults":[{"assertionResults":[],"startTime":1755981228486,"endTime":1755981228486,"status":"failed","message":"Playwright Test did not expect test.describe() to be called here.\nMost common reasons include:\n- You are calling test.describe() in a configuration file.\n- You are calling test.describe() in a file that is imported by the configuration file.\n- You have two different versions of @playwright/test. This usually happens\n  when one of the dependencies in your package.json depends on @playwright/test.","name":"./tests/e2e/ai-integration.spec.ts"},{"assertionResults":[],"startTime":1755981228486,"endTime":1755981228486,"status":"failed","message":"Playwright Test did not expect test.describe() to be called here.\nMost common reasons include:\n- You are calling test.describe() in a configuration file.\n- You are calling test.describe() in a file that is imported by the configuration file.\n- You have two different versions of @playwright/test. This usually happens\n  when one of the dependencies in your package.json depends on @playwright/test.","name":"./tests/e2e/challenge-workflow.spec.ts"},{"assertionResults":[],"startTime":1755981228486,"endTime":1755981228486,"status":"failed","message":"Playwright Test did not expect test.describe() to be called here.\nMost common reasons include:\n- You are calling test.describe() in a configuration file.\n- You are calling test.describe() in a file that is imported by the configuration file.\n- You have two different versions of @playwright/test. This usually happens\n  when one of the dependencies in your package.json depends on @playwright/test.","name":"./tests/e2e/comprehensive-workflow.spec.ts"},{"assertionResults":[],"startTime":1755981228486,"endTime":1755981228486,"status":"failed","message":"Playwright Test did not expect test.describe() to be called here.\nMost common reasons include:\n- You are calling test.describe() in a configuration file.\n- You are calling test.describe() in a file that is imported by the configuration file.\n- You have two different versions of @playwright/test. This usually happens\n  when one of the dependencies in your package.json depends on @playwright/test.","name":"./tests/e2e/cross-browser-compatibility.spec.ts"},{"assertionResults":[],"startTime":1755981228486,"endTime":1755981228486,"status":"failed","message":"Playwright Test did not expect test.describe() to be called here.\nMost common reasons include:\n- You are calling test.describe() in a configuration file.\n- You are calling test.describe() in a file that is imported by the configuration file.\n- You have two different versions of @playwright/test. This usually happens\n  when one of the dependencies in your package.json depends on @playwright/test.","name":"./tests/e2e/evaluation-performance.spec.ts"},{"assertionResults":[],"startTime":1755981228486,"endTime":1755981228486,"status":"failed","message":"Playwright Test did not expect test.describe() to be called here.\nMost common reasons include:\n- You are calling test.describe() in a configuration file.\n- You are calling test.describe() in a file that is imported by the configuration file.\n- You have two different versions of @playwright/test. This usually happens\n  when one of the dependencies in your package.json depends on @playwright/test.","name":"./tests/e2e/mobile-responsiveness.spec.ts"},{"assertionResults":[],"startTime":1755981228486,"endTime":1755981228486,"status":"failed","message":"Playwright Test did not expect test.describe() to be called here.\nMost common reasons include:\n- You are calling test.describe() in a configuration file.\n- You are calling test.describe() in a file that is imported by the configuration file.\n- You have two different versions of @playwright/test. This usually happens\n  when one of the dependencies in your package.json depends on @playwright/test.","name":"./tests/e2e/test-validation.spec.ts"},{"assertionResults":[{"ancestorTitles":["AIChatInterface","component rendering"],"fullName":"AIChatInterface component rendering should render the chat interface","status":"passed","title":"should render the chat interface","duration":25.186666999999943,"failureMessages":[],"meta":{}},{"ancestorTitles":["AIChatInterface","component rendering"],"fullName":"AIChatInterface component rendering should show welcome message when no messages exist","status":"passed","title":"should show welcome message when no messages exist","duration":2.6543750000000728,"failureMessages":[],"meta":{}},{"ancestorTitles":["AIChatInterface","component rendering"],"fullName":"AIChatInterface component rendering should display challenge context in welcome message","status":"passed","title":"should display challenge context in welcome message","duration":3.5481670000001486,"failureMessages":[],"meta":{}},{"ancestorTitles":["AIChatInterface","component rendering"],"fullName":"AIChatInterface component rendering should render message input and send button","status":"passed","title":"should render message input and send button","duration":2.4874589999999444,"failureMessages":[],"meta":{}},{"ancestorTitles":["AIChatInterface","component rendering"],"fullName":"AIChatInterface component rendering should render quick action buttons","status":"passed","title":"should render quick action buttons","duration":3.089625000000069,"failureMessages":[],"meta":{}},{"ancestorTitles":["AIChatInterface","message handling"],"fullName":"AIChatInterface message handling should enable send button when message is entered","status":"failed","title":"should enable send button when message is entered","duration":19.061541999999918,"failureMessages":["AssertionError: expected [ 'px-4', 'py-2', 'rounded-lg', …(5) ] to include 'cursor-not-allowed'\n    at Proxy.<anonymous> (file://./node_modules/@vitest/expect/dist/index.js:1191:15)\n    at Proxy.<anonymous> (file://./node_modules/@vitest/expect/dist/index.js:1029:14)\n    at Proxy.methodWrapper (file://./node_modules/chai/chai.js:1706:25)\n    at ./src/components/__tests__/AIChatInterface.spec.ts:154:37\n    at file://./node_modules/@vitest/runner/dist/chunk-hooks.js:155:11\n    at file://./node_modules/@vitest/runner/dist/chunk-hooks.js:752:26\n    at file://./node_modules/@vitest/runner/dist/chunk-hooks.js:1897:20\n    at new Promise (<anonymous>)\n    at runWithTimeout (file://./node_modules/@vitest/runner/dist/chunk-hooks.js:1863:10)\n    at runTest (file://./node_modules/@vitest/runner/dist/chunk-hooks.js:1574:12)"],"meta":{}},{"ancestorTitles":["AIChatInterface","message handling"],"fullName":"AIChatInterface message handling should send message when send button is clicked","status":"passed","title":"should send message when send button is clicked","duration":20.337792000000036,"failureMessages":[],"meta":{}},{"ancestorTitles":["AIChatInterface","message handling"],"fullName":"AIChatInterface message handling should send message when Enter is pressed","status":"passed","title":"should send message when Enter is pressed","duration":6.664416999999958,"failureMessages":[],"meta":{}},{"ancestorTitles":["AIChatInterface","message handling"],"fullName":"AIChatInterface message handling should not send message when Shift+Enter is pressed","status":"passed","title":"should not send message when Shift+Enter is pressed","duration":7.825250000000096,"failureMessages":[],"meta":{}},{"ancestorTitles":["AIChatInterface","message handling"],"fullName":"AIChatInterface message handling should clear input after sending message","status":"passed","title":"should clear input after sending message","duration":3.3793339999999716,"failureMessages":[],"meta":{}},{"ancestorTitles":["AIChatInterface","quick actions"],"fullName":"AIChatInterface quick actions should send quick action message when clicked","status":"passed","title":"should send quick action message when clicked","duration":5.30600000000004,"failureMessages":[],"meta":{}},{"ancestorTitles":["AIChatInterface","quick actions"],"fullName":"AIChatInterface quick actions should disable quick actions when loading","status":"passed","title":"should disable quick actions when loading","duration":34.29833299999996,"failureMessages":[],"meta":{}},{"ancestorTitles":["AIChatInterface","loading states"],"fullName":"AIChatInterface loading states should show loading indicator when sending message","status":"passed","title":"should show loading indicator when sending message","duration":4.543541000000005,"failureMessages":[],"meta":{}},{"ancestorTitles":["AIChatInterface","loading states"],"fullName":"AIChatInterface loading states should disable input during loading","status":"passed","title":"should disable input during loading","duration":7.0402500000000146,"failureMessages":[],"meta":{}},{"ancestorTitles":["AIChatInterface","error handling"],"fullName":"AIChatInterface error handling should display error message when AI service fails","status":"passed","title":"should display error message when AI service fails","duration":4.075166999999965,"failureMessages":[],"meta":{}},{"ancestorTitles":["AIChatInterface","error handling"],"fullName":"AIChatInterface error handling should provide retry functionality on error","status":"passed","title":"should provide retry functionality on error","duration":3.358791999999994,"failureMessages":[],"meta":{}},{"ancestorTitles":["AIChatInterface","conversation history"],"fullName":"AIChatInterface conversation history should load existing conversation history on mount","status":"passed","title":"should load existing conversation history on mount","duration":16.683707999999797,"failureMessages":[],"meta":{}},{"ancestorTitles":["AIChatInterface","conversation history"],"fullName":"AIChatInterface conversation history should clear conversation history when clear button is clicked","status":"passed","title":"should clear conversation history when clear button is clicked","duration":2.5690830000000915,"failureMessages":[],"meta":{}},{"ancestorTitles":["AIChatInterface","character limit"],"fullName":"AIChatInterface character limit should show character count","status":"passed","title":"should show character count","duration":1.9342090000000098,"failureMessages":[],"meta":{}},{"ancestorTitles":["AIChatInterface","character limit"],"fullName":"AIChatInterface character limit should enforce character limit","status":"passed","title":"should enforce character limit","duration":1.3497090000000753,"failureMessages":[],"meta":{}},{"ancestorTitles":["AIChatInterface","responsive behavior"],"fullName":"AIChatInterface responsive behavior should handle mobile viewport","status":"passed","title":"should handle mobile viewport","duration":1.1612500000001091,"failureMessages":[],"meta":{}}],"startTime":1755981229742,"endTime":1755981229919.1611,"status":"failed","message":"","name":"./src/components/__tests__/AIChatInterface.spec.ts"},{"assertionResults":[{"ancestorTitles":["ChallengeSelector","Component Rendering"],"fullName":"ChallengeSelector Component Rendering renders the component with all form elements","status":"passed","title":"renders the component with all form elements","duration":43.45645800000011,"failureMessages":[],"meta":{}},{"ancestorTitles":["ChallengeSelector","Component Rendering"],"fullName":"ChallengeSelector Component Rendering displays all programming language options","status":"passed","title":"displays all programming language options","duration":4.032124999999951,"failureMessages":[],"meta":{}},{"ancestorTitles":["ChallengeSelector","Component Rendering"],"fullName":"ChallengeSelector Component Rendering displays all challenge category options","status":"passed","title":"displays all challenge category options","duration":3.691500000000133,"failureMessages":[],"meta":{}},{"ancestorTitles":["ChallengeSelector","Component Rendering"],"fullName":"ChallengeSelector Component Rendering displays all difficulty level options","status":"passed","title":"displays all difficulty level options","duration":2.01495900000009,"failureMessages":[],"meta":{}},{"ancestorTitles":["ChallengeSelector","Dynamic Framework Filtering"],"fullName":"ChallengeSelector Dynamic Framework Filtering disables framework dropdown when no language is selected","status":"passed","title":"disables framework dropdown when no language is selected","duration":5.37170900000001,"failureMessages":[],"meta":{}},{"ancestorTitles":["ChallengeSelector","Dynamic Framework Filtering"],"fullName":"ChallengeSelector Dynamic Framework Filtering enables and populates framework dropdown for JavaScript","status":"passed","title":"enables and populates framework dropdown for JavaScript","duration":23.07816600000001,"failureMessages":[],"meta":{}},{"ancestorTitles":["ChallengeSelector","Dynamic Framework Filtering"],"fullName":"ChallengeSelector Dynamic Framework Filtering shows different frameworks for Python","status":"passed","title":"shows different frameworks for Python","duration":5.867582999999968,"failureMessages":[],"meta":{}},{"ancestorTitles":["ChallengeSelector","Dynamic Framework Filtering"],"fullName":"ChallengeSelector Dynamic Framework Filtering shows no framework message for languages without frameworks","status":"passed","title":"shows no framework message for languages without frameworks","duration":3.0979580000000624,"failureMessages":[],"meta":{}},{"ancestorTitles":["ChallengeSelector","Dynamic Framework Filtering"],"fullName":"ChallengeSelector Dynamic Framework Filtering clears framework selection when switching to incompatible language","status":"passed","title":"clears framework selection when switching to incompatible language","duration":9.09745799999996,"failureMessages":[],"meta":{}},{"ancestorTitles":["ChallengeSelector","Form Validation"],"fullName":"ChallengeSelector Form Validation disables generate button when form is incomplete","status":"failed","title":"disables generate button when form is incomplete","duration":6.925584000000072,"failureMessages":["AssertionError: expected undefined to be defined\n    at ./src/components/__tests__/ChallengeSelector.spec.ts:149:53\n    at file://./node_modules/@vitest/runner/dist/chunk-hooks.js:155:11\n    at file://./node_modules/@vitest/runner/dist/chunk-hooks.js:752:26\n    at file://./node_modules/@vitest/runner/dist/chunk-hooks.js:1897:20\n    at new Promise (<anonymous>)\n    at runWithTimeout (file://./node_modules/@vitest/runner/dist/chunk-hooks.js:1863:10)\n    at runTest (file://./node_modules/@vitest/runner/dist/chunk-hooks.js:1574:12)\n    at processTicksAndRejections (node:internal/process/task_queues:105:5)\n    at runSuite (file://./node_modules/@vitest/runner/dist/chunk-hooks.js:1729:8)\n    at runSuite (file://./node_modules/@vitest/runner/dist/chunk-hooks.js:1729:8)"],"meta":{}},{"ancestorTitles":["ChallengeSelector","Form Validation"],"fullName":"ChallengeSelector Form Validation enables generate button when required fields are filled","status":"passed","title":"enables generate button when required fields are filled","duration":6.161125000000084,"failureMessages":[],"meta":{}},{"ancestorTitles":["ChallengeSelector","Form Validation"],"fullName":"ChallengeSelector Form Validation works without framework selection","status":"passed","title":"works without framework selection","duration":2.5007919999998194,"failureMessages":[],"meta":{}},{"ancestorTitles":["ChallengeSelector","Store Integration"],"fullName":"ChallengeSelector Store Integration updates store when language is selected","status":"passed","title":"updates store when language is selected","duration":1.6665420000001632,"failureMessages":[],"meta":{}},{"ancestorTitles":["ChallengeSelector","Store Integration"],"fullName":"ChallengeSelector Store Integration updates store when framework is selected","status":"passed","title":"updates store when framework is selected","duration":1.6740830000001097,"failureMessages":[],"meta":{}},{"ancestorTitles":["ChallengeSelector","Store Integration"],"fullName":"ChallengeSelector Store Integration updates store when category is selected","status":"passed","title":"updates store when category is selected","duration":1.263834000000088,"failureMessages":[],"meta":{}},{"ancestorTitles":["ChallengeSelector","Store Integration"],"fullName":"ChallengeSelector Store Integration updates store when difficulty is selected","status":"passed","title":"updates store when difficulty is selected","duration":5.833333000000039,"failureMessages":[],"meta":{}},{"ancestorTitles":["ChallengeSelector","User Interactions"],"fullName":"ChallengeSelector User Interactions calls generateChallenge when form is submitted","status":"passed","title":"calls generateChallenge when form is submitted","duration":7.745916000000079,"failureMessages":[],"meta":{}},{"ancestorTitles":["ChallengeSelector","User Interactions"],"fullName":"ChallengeSelector User Interactions resets form when reset button is clicked","status":"passed","title":"resets form when reset button is clicked","duration":4.22891699999991,"failureMessages":[],"meta":{}},{"ancestorTitles":["ChallengeSelector","User Interactions"],"fullName":"ChallengeSelector User Interactions shows loading state during challenge generation","status":"passed","title":"shows loading state during challenge generation","duration":6.732083000000102,"failureMessages":[],"meta":{}},{"ancestorTitles":["ChallengeSelector","User Interactions"],"fullName":"ChallengeSelector User Interactions displays error message when generation fails","status":"passed","title":"displays error message when generation fails","duration":4.151499999999942,"failureMessages":[],"meta":{}},{"ancestorTitles":["ChallengeSelector","User Interactions"],"fullName":"ChallengeSelector User Interactions disables buttons during loading","status":"passed","title":"disables buttons during loading","duration":1.8128750000000764,"failureMessages":[],"meta":{}},{"ancestorTitles":["ChallengeSelector","Accessibility"],"fullName":"ChallengeSelector Accessibility has proper labels for all form inputs","status":"passed","title":"has proper labels for all form inputs","duration":1.5883340000000317,"failureMessages":[],"meta":{}},{"ancestorTitles":["ChallengeSelector","Accessibility"],"fullName":"ChallengeSelector Accessibility marks required fields with asterisk","status":"failed","title":"marks required fields with asterisk","duration":4.6027500000000146,"failureMessages":["AssertionError: expected [] to have a length of 3 but got +0\n    at Proxy.<anonymous> (file://./node_modules/@vitest/expect/dist/index.js:1257:20)\n    at Proxy.<anonymous> (file://./node_modules/@vitest/expect/dist/index.js:1029:14)\n    at Proxy.methodWrapper (file://./node_modules/chai/chai.js:1706:25)\n    at ./src/components/__tests__/ChallengeSelector.spec.ts:274:30\n    at file://./node_modules/@vitest/runner/dist/chunk-hooks.js:155:11\n    at file://./node_modules/@vitest/runner/dist/chunk-hooks.js:752:26\n    at file://./node_modules/@vitest/runner/dist/chunk-hooks.js:1897:20\n    at new Promise (<anonymous>)\n    at runWithTimeout (file://./node_modules/@vitest/runner/dist/chunk-hooks.js:1863:10)\n    at runTest (file://./node_modules/@vitest/runner/dist/chunk-hooks.js:1574:12)"],"meta":{}},{"ancestorTitles":["ChallengeSelector","Accessibility"],"fullName":"ChallengeSelector Accessibility has proper form structure with fieldsets","status":"passed","title":"has proper form structure with fieldsets","duration":3.0254589999999553,"failureMessages":[],"meta":{}}],"startTime":1755981229780,"endTime":1755981229940.0254,"status":"failed","message":"","name":"./src/components/__tests__/ChallengeSelector.spec.ts"},{"assertionResults":[{"ancestorTitles":["CodeEditor","Component Structure"],"fullName":"CodeEditor Component Structure should render with required elements","status":"passed","title":"should render with required elements","duration":22.29008399999998,"failureMessages":[],"meta":{}},{"ancestorTitles":["CodeEditor","Component Structure"],"fullName":"CodeEditor Component Structure should display language in header","status":"passed","title":"should display language in header","duration":5.810790999999995,"failureMessages":[],"meta":{}},{"ancestorTitles":["CodeEditor","Component Structure"],"fullName":"CodeEditor Component Structure should show theme toggle button","status":"passed","title":"should show theme toggle button","duration":4.211499999999887,"failureMessages":[],"meta":{}},{"ancestorTitles":["CodeEditor","Mobile Responsiveness"],"fullName":"CodeEditor Mobile Responsiveness should show mobile-specific controls on small screens","status":"passed","title":"should show mobile-specific controls on small screens","duration":1.6209159999999656,"failureMessages":[],"meta":{}},{"ancestorTitles":["CodeEditor","Mobile Responsiveness"],"fullName":"CodeEditor Mobile Responsiveness should toggle mobile keyboard visibility","status":"passed","title":"should toggle mobile keyboard visibility","duration":4.2501250000000255,"failureMessages":[],"meta":{}},{"ancestorTitles":["CodeEditor","Mobile Responsiveness"],"fullName":"CodeEditor Mobile Responsiveness should show virtual keyboard keys when enabled","status":"passed","title":"should show virtual keyboard keys when enabled","duration":2.5388750000000755,"failureMessages":[],"meta":{}},{"ancestorTitles":["CodeEditor","Theme Switching"],"fullName":"CodeEditor Theme Switching should toggle between light and dark themes","status":"passed","title":"should toggle between light and dark themes","duration":1.230833999999959,"failureMessages":[],"meta":{}},{"ancestorTitles":["CodeEditor","Theme Switching"],"fullName":"CodeEditor Theme Switching should update theme when prop changes","status":"passed","title":"should update theme when prop changes","duration":1.6416249999999764,"failureMessages":[],"meta":{}},{"ancestorTitles":["CodeEditor","Language Support"],"fullName":"CodeEditor Language Support should handle different programming languages","status":"passed","title":"should handle different programming languages","duration":9.133417000000009,"failureMessages":[],"meta":{}},{"ancestorTitles":["CodeEditor","Language Support"],"fullName":"CodeEditor Language Support should handle unknown languages gracefully","status":"passed","title":"should handle unknown languages gracefully","duration":0.7152499999999691,"failureMessages":[],"meta":{}},{"ancestorTitles":["CodeEditor","Fullscreen Mode"],"fullName":"CodeEditor Fullscreen Mode should toggle fullscreen state","status":"passed","title":"should toggle fullscreen state","duration":1.0357500000000073,"failureMessages":[],"meta":{}},{"ancestorTitles":["CodeEditor","Error Handling"],"fullName":"CodeEditor Error Handling should track error state","status":"passed","title":"should track error state","duration":0.9536249999999882,"failureMessages":[],"meta":{}},{"ancestorTitles":["CodeEditor","Event Emissions"],"fullName":"CodeEditor Event Emissions should emit update:modelValue when value changes","status":"passed","title":"should emit update:modelValue when value changes","duration":1.2206669999999349,"failureMessages":[],"meta":{}},{"ancestorTitles":["CodeEditor","Event Emissions"],"fullName":"CodeEditor Event Emissions should emit change event","status":"passed","title":"should emit change event","duration":0.6616249999999582,"failureMessages":[],"meta":{}},{"ancestorTitles":["CodeEditor","Event Emissions"],"fullName":"CodeEditor Event Emissions should emit focus and blur events","status":"passed","title":"should emit focus and blur events","duration":1.0911659999999301,"failureMessages":[],"meta":{}},{"ancestorTitles":["CodeEditor","Exposed Methods"],"fullName":"CodeEditor Exposed Methods should expose required methods","status":"passed","title":"should expose required methods","duration":1.1838340000000471,"failureMessages":[],"meta":{}},{"ancestorTitles":["CodeEditor","Props Validation"],"fullName":"CodeEditor Props Validation should handle readOnly prop","status":"passed","title":"should handle readOnly prop","duration":0.9306659999999738,"failureMessages":[],"meta":{}},{"ancestorTitles":["CodeEditor","Props Validation"],"fullName":"CodeEditor Props Validation should handle custom options","status":"passed","title":"should handle custom options","duration":0.8911249999999882,"failureMessages":[],"meta":{}},{"ancestorTitles":["CodeEditor","Mobile Virtual Keyboard"],"fullName":"CodeEditor Mobile Virtual Keyboard should insert text when virtual keyboard keys are clicked","status":"passed","title":"should insert text when virtual keyboard keys are clicked","duration":3.94179100000008,"failureMessages":[],"meta":{}},{"ancestorTitles":["CodeEditor","Mobile Virtual Keyboard"],"fullName":"CodeEditor Mobile Virtual Keyboard should show common programming symbols in virtual keyboard","status":"passed","title":"should show common programming symbols in virtual keyboard","duration":6.829791999999998,"failureMessages":[],"meta":{}},{"ancestorTitles":["CodeEditor","Responsive Design"],"fullName":"CodeEditor Responsive Design should detect mobile devices correctly","status":"passed","title":"should detect mobile devices correctly","duration":1.5168750000000273,"failureMessages":[],"meta":{}},{"ancestorTitles":["CodeEditor","Responsive Design"],"fullName":"CodeEditor Responsive Design should show mobile controls only on mobile devices","status":"passed","title":"should show mobile controls only on mobile devices","duration":2.4944580000000087,"failureMessages":[],"meta":{}}],"startTime":1755981232758,"endTime":1755981232835.4944,"status":"passed","message":"","name":"./src/components/__tests__/CodeEditor.spec.ts"},{"assertionResults":[{"ancestorTitles":["GradingResults","Component Rendering"],"fullName":"GradingResults Component Rendering should render the component with grading results","status":"passed","title":"should render the component with grading results","duration":71.43404200000009,"failureMessages":[],"meta":{}},{"ancestorTitles":["GradingResults","Component Rendering"],"fullName":"GradingResults Component Rendering should display the overall score prominently","status":"passed","title":"should display the overall score prominently","duration":6.885708000000022,"failureMessages":[],"meta":{}},{"ancestorTitles":["GradingResults","Component Rendering"],"fullName":"GradingResults Component Rendering should display the correct score description for good scores","status":"passed","title":"should display the correct score description for good scores","duration":3.219082999999955,"failureMessages":[],"meta":{}},{"ancestorTitles":["GradingResults","Component Rendering"],"fullName":"GradingResults Component Rendering should display all role evaluations","status":"passed","title":"should display all role evaluations","duration":3.0762500000000728,"failureMessages":[],"meta":{}},{"ancestorTitles":["GradingResults","Component Rendering"],"fullName":"GradingResults Component Rendering should display formatted role names correctly","status":"passed","title":"should display formatted role names correctly","duration":2.2442499999999654,"failureMessages":[],"meta":{}},{"ancestorTitles":["GradingResults","Component Rendering"],"fullName":"GradingResults Component Rendering should display individual role scores","status":"passed","title":"should display individual role scores","duration":2.3134580000000824,"failureMessages":[],"meta":{}},{"ancestorTitles":["GradingResults","Component Rendering"],"fullName":"GradingResults Component Rendering should display role feedback","status":"passed","title":"should display role feedback","duration":2.2422080000001188,"failureMessages":[],"meta":{}},{"ancestorTitles":["GradingResults","Component Rendering"],"fullName":"GradingResults Component Rendering should display focus areas as tags","status":"passed","title":"should display focus areas as tags","duration":3.4884170000000267,"failureMessages":[],"meta":{}},{"ancestorTitles":["GradingResults","Component Rendering"],"fullName":"GradingResults Component Rendering should display model information","status":"passed","title":"should display model information","duration":2.1643749999998363,"failureMessages":[],"meta":{}},{"ancestorTitles":["GradingResults","Component Rendering"],"fullName":"GradingResults Component Rendering should display overall feedback","status":"passed","title":"should display overall feedback","duration":2.2356250000000273,"failureMessages":[],"meta":{}},{"ancestorTitles":["GradingResults","Component Rendering"],"fullName":"GradingResults Component Rendering should format timestamp correctly","status":"passed","title":"should format timestamp correctly","duration":2.2528749999999036,"failureMessages":[],"meta":{}},{"ancestorTitles":["GradingResults","Score Color Coding"],"fullName":"GradingResults Score Color Coding should apply correct color class for excellent scores (90+)","status":"passed","title":"should apply correct color class for excellent scores (90+)","duration":2.905416999999943,"failureMessages":[],"meta":{}},{"ancestorTitles":["GradingResults","Score Color Coding"],"fullName":"GradingResults Score Color Coding should apply correct color class for good scores (75-89)","status":"passed","title":"should apply correct color class for good scores (75-89)","duration":4.114250000000084,"failureMessages":[],"meta":{}},{"ancestorTitles":["GradingResults","Score Color Coding"],"fullName":"GradingResults Score Color Coding should apply correct color class for satisfactory scores (60-74)","status":"passed","title":"should apply correct color class for satisfactory scores (60-74)","duration":4.750166999999919,"failureMessages":[],"meta":{}},{"ancestorTitles":["GradingResults","Score Color Coding"],"fullName":"GradingResults Score Color Coding should apply correct color class for poor scores (40-59)","status":"passed","title":"should apply correct color class for poor scores (40-59)","duration":10.845792000000074,"failureMessages":[],"meta":{}},{"ancestorTitles":["GradingResults","Score Color Coding"],"fullName":"GradingResults Score Color Coding should apply correct color class for very poor scores (<40)","status":"passed","title":"should apply correct color class for very poor scores (<40)","duration":2.743583999999828,"failureMessages":[],"meta":{}},{"ancestorTitles":["GradingResults","Interactive Features"],"fullName":"GradingResults Interactive Features should toggle detailed analysis when show/hide details is clicked","status":"failed","title":"should toggle detailed analysis when show/hide details is clicked","duration":6.1289580000000115,"failureMessages":["AssertionError: expected '85' to be 'Show Details' // Object.is equality\n    at ./src/components/__tests__/GradingResults.spec.ts:228:40\n    at file://./node_modules/@vitest/runner/dist/chunk-hooks.js:155:11\n    at file://./node_modules/@vitest/runner/dist/chunk-hooks.js:752:26\n    at file://./node_modules/@vitest/runner/dist/chunk-hooks.js:1897:20\n    at new Promise (<anonymous>)\n    at runWithTimeout (file://./node_modules/@vitest/runner/dist/chunk-hooks.js:1863:10)\n    at runTest (file://./node_modules/@vitest/runner/dist/chunk-hooks.js:1574:12)\n    at processTicksAndRejections (node:internal/process/task_queues:105:5)\n    at runSuite (file://./node_modules/@vitest/runner/dist/chunk-hooks.js:1729:8)\n    at runSuite (file://./node_modules/@vitest/runner/dist/chunk-hooks.js:1729:8)"],"meta":{}},{"ancestorTitles":["GradingResults","Interactive Features"],"fullName":"GradingResults Interactive Features should emit close event when close button is clicked","status":"passed","title":"should emit close event when close button is clicked","duration":3.3597919999999704,"failureMessages":[],"meta":{}},{"ancestorTitles":["GradingResults","Interactive Features"],"fullName":"GradingResults Interactive Features should emit save-to-history event when save button is clicked","status":"passed","title":"should emit save-to-history event when save button is clicked","duration":1.8091249999999945,"failureMessages":[],"meta":{}},{"ancestorTitles":["GradingResults","Interactive Features"],"fullName":"GradingResults Interactive Features should emit view-history event when view history button is clicked","status":"passed","title":"should emit view-history event when view history button is clicked","duration":3.0557909999999993,"failureMessages":[],"meta":{}},{"ancestorTitles":["GradingResults","Interactive Features"],"fullName":"GradingResults Interactive Features should emit close event when close action button is clicked","status":"passed","title":"should emit close event when close action button is clicked","duration":7.121958000000177,"failureMessages":[],"meta":{}},{"ancestorTitles":["GradingResults","Score Descriptions"],"fullName":"GradingResults Score Descriptions should show excellent description for scores 90+","status":"passed","title":"should show excellent description for scores 90+","duration":2.3052920000000086,"failureMessages":[],"meta":{}},{"ancestorTitles":["GradingResults","Score Descriptions"],"fullName":"GradingResults Score Descriptions should show satisfactory description for scores 60-74","status":"passed","title":"should show satisfactory description for scores 60-74","duration":1.7985830000000078,"failureMessages":[],"meta":{}},{"ancestorTitles":["GradingResults","Score Descriptions"],"fullName":"GradingResults Score Descriptions should show needs improvement description for scores 40-59","status":"passed","title":"should show needs improvement description for scores 40-59","duration":1.3016249999998308,"failureMessages":[],"meta":{}},{"ancestorTitles":["GradingResults","Score Descriptions"],"fullName":"GradingResults Score Descriptions should show significant improvements description for scores <40","status":"passed","title":"should show significant improvements description for scores <40","duration":1.161292000000003,"failureMessages":[],"meta":{}},{"ancestorTitles":["GradingResults","Responsive Design"],"fullName":"GradingResults Responsive Design should have responsive grid classes for role evaluations","status":"passed","title":"should have responsive grid classes for role evaluations","duration":2.658957999999984,"failureMessages":[],"meta":{}},{"ancestorTitles":["GradingResults","Responsive Design"],"fullName":"GradingResults Responsive Design should have responsive flex classes for action buttons","status":"passed","title":"should have responsive flex classes for action buttons","duration":3.438041999999996,"failureMessages":[],"meta":{}},{"ancestorTitles":["GradingResults","Accessibility"],"fullName":"GradingResults Accessibility should have proper heading hierarchy","status":"passed","title":"should have proper heading hierarchy","duration":7.2525839999998425,"failureMessages":[],"meta":{}},{"ancestorTitles":["GradingResults","Accessibility"],"fullName":"GradingResults Accessibility should have proper color contrast for scores","status":"failed","title":"should have proper color contrast for scores","duration":2.2138749999999163,"failureMessages":["AssertionError: expected false to be true // Object.is equality\n    at ./src/components/__tests__/GradingResults.spec.ts:374:31\n    at Array.forEach (<anonymous>)\n    at ./src/components/__tests__/GradingResults.spec.ts:365:18\n    at file://./node_modules/@vitest/runner/dist/chunk-hooks.js:155:11\n    at file://./node_modules/@vitest/runner/dist/chunk-hooks.js:752:26\n    at file://./node_modules/@vitest/runner/dist/chunk-hooks.js:1897:20\n    at new Promise (<anonymous>)\n    at runWithTimeout (file://./node_modules/@vitest/runner/dist/chunk-hooks.js:1863:10)\n    at runTest (file://./node_modules/@vitest/runner/dist/chunk-hooks.js:1574:12)\n    at processTicksAndRejections (node:internal/process/task_queues:105:5)"],"meta":{}},{"ancestorTitles":["GradingResults","Accessibility"],"fullName":"GradingResults Accessibility should have accessible button text","status":"failed","title":"should have accessible button text","duration":1.3759999999999764,"failureMessages":["AssertionError: expected '' not to be '' // Object.is equality\n    at ./src/components/__tests__/GradingResults.spec.ts:383:42\n    at Array.forEach (<anonymous>)\n    at ./src/components/__tests__/GradingResults.spec.ts:382:15\n    at file://./node_modules/@vitest/runner/dist/chunk-hooks.js:155:11\n    at file://./node_modules/@vitest/runner/dist/chunk-hooks.js:752:26\n    at file://./node_modules/@vitest/runner/dist/chunk-hooks.js:1897:20\n    at new Promise (<anonymous>)\n    at runWithTimeout (file://./node_modules/@vitest/runner/dist/chunk-hooks.js:1863:10)\n    at runTest (file://./node_modules/@vitest/runner/dist/chunk-hooks.js:1574:12)\n    at processTicksAndRejections (node:internal/process/task_queues:105:5)"],"meta":{}},{"ancestorTitles":["GradingResults","Edge Cases"],"fullName":"GradingResults Edge Cases should handle missing role evaluations gracefully","status":"passed","title":"should handle missing role evaluations gracefully","duration":0.7167919999999413,"failureMessages":[],"meta":{}},{"ancestorTitles":["GradingResults","Edge Cases"],"fullName":"GradingResults Edge Cases should handle very long feedback text","status":"passed","title":"should handle very long feedback text","duration":1.2332920000001195,"failureMessages":[],"meta":{}},{"ancestorTitles":["GradingResults","Edge Cases"],"fullName":"GradingResults Edge Cases should handle missing focus areas","status":"passed","title":"should handle missing focus areas","duration":3.19600000000014,"failureMessages":[],"meta":{}}],"startTime":1755981229745,"endTime":1755981229923.196,"status":"failed","message":"","name":"./src/components/__tests__/GradingResults.spec.ts"},{"assertionResults":[{"ancestorTitles":["HelloWorld"],"fullName":"HelloWorld renders properly","status":"passed","title":"renders properly","duration":19.219457999999918,"failureMessages":[],"meta":{}}],"startTime":1755981234298,"endTime":1755981234317.2195,"status":"passed","message":"","name":"./src/components/__tests__/HelloWorld.spec.ts"},{"assertionResults":[{"ancestorTitles":["MainLayout","Layout Structure"],"fullName":"MainLayout Layout Structure renders main layout container","status":"passed","title":"renders main layout container","duration":46.444165999999996,"failureMessages":[],"meta":{}},{"ancestorTitles":["MainLayout","Layout Structure"],"fullName":"MainLayout Layout Structure renders desktop sidebar","status":"passed","title":"renders desktop sidebar","duration":19.42375000000004,"failureMessages":[],"meta":{}},{"ancestorTitles":["MainLayout","Layout Structure"],"fullName":"MainLayout Layout Structure renders mobile header","status":"passed","title":"renders mobile header","duration":11.295124999999985,"failureMessages":[],"meta":{}},{"ancestorTitles":["MainLayout","Layout Structure"],"fullName":"MainLayout Layout Structure has navigation buttons","status":"passed","title":"has navigation buttons","duration":4.942207999999937,"failureMessages":[],"meta":{}},{"ancestorTitles":["MainLayout","Mobile Responsiveness"],"fullName":"MainLayout Mobile Responsiveness toggles mobile menu","status":"passed","title":"toggles mobile menu","duration":12.283625000000029,"failureMessages":[],"meta":{}},{"ancestorTitles":["MainLayout","Mobile Responsiveness"],"fullName":"MainLayout Mobile Responsiveness manages mobile panel state","status":"passed","title":"manages mobile panel state","duration":4.026749999999993,"failureMessages":[],"meta":{}},{"ancestorTitles":["MainLayout","Store Integration"],"fullName":"MainLayout Store Integration uses app store for state management","status":"passed","title":"uses app store for state management","duration":2.825625000000059,"failureMessages":[],"meta":{}},{"ancestorTitles":["MainLayout","Store Integration"],"fullName":"MainLayout Store Integration manages view state through app store","status":"passed","title":"manages view state through app store","duration":26.15866600000004,"failureMessages":[],"meta":{}},{"ancestorTitles":["MainLayout","Store Integration"],"fullName":"MainLayout Store Integration manages mobile state through app store","status":"passed","title":"manages mobile state through app store","duration":5.9128749999999854,"failureMessages":[],"meta":{}},{"ancestorTitles":["MainLayout","Error Handling"],"fullName":"MainLayout Error Handling handles loading states","status":"passed","title":"handles loading states","duration":5.384374999999864,"failureMessages":[],"meta":{}},{"ancestorTitles":["MainLayout","Error Handling"],"fullName":"MainLayout Error Handling handles error states","status":"passed","title":"handles error states","duration":5.443625000000111,"failureMessages":[],"meta":{}}],"startTime":1755981232932,"endTime":1755981233076.4436,"status":"passed","message":"","name":"./src/components/__tests__/MainLayout.spec.ts"},{"assertionResults":[{"ancestorTitles":["MilestoneProgress"],"fullName":"MilestoneProgress renders correctly with user progress","status":"passed","title":"renders correctly with user progress","duration":16.042832999999973,"failureMessages":[],"meta":{}},{"ancestorTitles":["MilestoneProgress"],"fullName":"MilestoneProgress displays current level progress correctly","status":"passed","title":"displays current level progress correctly","duration":4.32166600000005,"failureMessages":[],"meta":{}},{"ancestorTitles":["MilestoneProgress"],"fullName":"MilestoneProgress calculates challenges until next level correctly","status":"passed","title":"calculates challenges until next level correctly","duration":3.7857500000000073,"failureMessages":[],"meta":{}},{"ancestorTitles":["MilestoneProgress"],"fullName":"MilestoneProgress shows upcoming challenge milestones","status":"passed","title":"shows upcoming challenge milestones","duration":7.29891699999996,"failureMessages":[],"meta":{}},{"ancestorTitles":["MilestoneProgress"],"fullName":"MilestoneProgress shows streak milestones","status":"passed","title":"shows streak milestones","duration":1.9137499999999363,"failureMessages":[],"meta":{}},{"ancestorTitles":["MilestoneProgress"],"fullName":"MilestoneProgress shows kaiju defeat milestones","status":"passed","title":"shows kaiju defeat milestones","duration":2.249041000000034,"failureMessages":[],"meta":{}},{"ancestorTitles":["MilestoneProgress"],"fullName":"MilestoneProgress shows difficulty unlock milestones","status":"passed","title":"shows difficulty unlock milestones","duration":7.819916000000035,"failureMessages":[],"meta":{}},{"ancestorTitles":["MilestoneProgress"],"fullName":"MilestoneProgress displays encouragement message","status":"passed","title":"displays encouragement message","duration":1.9382920000000468,"failureMessages":[],"meta":{}},{"ancestorTitles":["MilestoneProgress"],"fullName":"MilestoneProgress handles null user progress gracefully","status":"passed","title":"handles null user progress gracefully","duration":0.688707999999906,"failureMessages":[],"meta":{}},{"ancestorTitles":["MilestoneProgress"],"fullName":"MilestoneProgress shows progress bars for incomplete milestones","status":"passed","title":"shows progress bars for incomplete milestones","duration":1.5347920000000386,"failureMessages":[],"meta":{}},{"ancestorTitles":["MilestoneProgress"],"fullName":"MilestoneProgress limits milestones to top 5","status":"passed","title":"limits milestones to top 5","duration":1.4635419999999613,"failureMessages":[],"meta":{}},{"ancestorTitles":["MilestoneProgress"],"fullName":"MilestoneProgress sorts milestones by progress percentage","status":"passed","title":"sorts milestones by progress percentage","duration":1.3707500000000437,"failureMessages":[],"meta":{}}],"startTime":1755981233567,"endTime":1755981233617.3708,"status":"passed","message":"","name":"./src/components/__tests__/MilestoneProgress.spec.ts"},{"assertionResults":[{"ancestorTitles":["ProgressChart"],"fullName":"ProgressChart renders correctly with empty scores","status":"passed","title":"renders correctly with empty scores","duration":30.37820800000003,"failureMessages":[],"meta":{}},{"ancestorTitles":["ProgressChart"],"fullName":"ProgressChart renders chart with score data","status":"passed","title":"renders chart with score data","duration":14.619583000000034,"failureMessages":[],"meta":{}},{"ancestorTitles":["ProgressChart"],"fullName":"ProgressChart displays correct improvement trend text","status":"passed","title":"displays correct improvement trend text","duration":3.3682909999999993,"failureMessages":[],"meta":{}},{"ancestorTitles":["ProgressChart"],"fullName":"ProgressChart displays declining trend correctly","status":"passed","title":"displays declining trend correctly","duration":24.836332999999968,"failureMessages":[],"meta":{}},{"ancestorTitles":["ProgressChart"],"fullName":"ProgressChart displays stable trend correctly","status":"passed","title":"displays stable trend correctly","duration":15.300749999999994,"failureMessages":[],"meta":{}},{"ancestorTitles":["ProgressChart"],"fullName":"ProgressChart limits display to last 10 scores","status":"passed","title":"limits display to last 10 scores","duration":3.335166999999956,"failureMessages":[],"meta":{}},{"ancestorTitles":["ProgressChart"],"fullName":"ProgressChart shows correct legend items","status":"passed","title":"shows correct legend items","duration":2.5552920000000086,"failureMessages":[],"meta":{}},{"ancestorTitles":["ProgressChart"],"fullName":"ProgressChart handles single score correctly","status":"passed","title":"handles single score correctly","duration":5.165541999999959,"failureMessages":[],"meta":{}},{"ancestorTitles":["ProgressChart"],"fullName":"ProgressChart shows tooltip on hover","status":"passed","title":"shows tooltip on hover","duration":10.337750000000028,"failureMessages":[],"meta":{}},{"ancestorTitles":["ProgressChart"],"fullName":"ProgressChart hides tooltip on mouse leave","status":"passed","title":"hides tooltip on mouse leave","duration":2.8003340000000208,"failureMessages":[],"meta":{}}],"startTime":1755981233368,"endTime":1755981233480.8003,"status":"passed","message":"","name":"./src/components/__tests__/ProgressChart.spec.ts"},{"assertionResults":[{"ancestorTitles":["ZoomAFriendPanel","Component Initialization"],"fullName":"ZoomAFriendPanel Component Initialization renders the component with correct title","status":"passed","title":"renders the component with correct title","duration":24.807833000000073,"failureMessages":[],"meta":{}},{"ancestorTitles":["ZoomAFriendPanel","Component Initialization"],"fullName":"ZoomAFriendPanel Component Initialization shows team member selection by default","status":"passed","title":"shows team member selection by default","duration":3.698042000000214,"failureMessages":[],"meta":{}},{"ancestorTitles":["ZoomAFriendPanel","Component Initialization"],"fullName":"ZoomAFriendPanel Component Initialization displays all team members","status":"passed","title":"displays all team members","duration":3.818040999999994,"failureMessages":[],"meta":{}},{"ancestorTitles":["ZoomAFriendPanel","Team Member Selection"],"fullName":"ZoomAFriendPanel Team Member Selection displays correct animal emojis for each team member","status":"passed","title":"displays correct animal emojis for each team member","duration":1.3169170000001031,"failureMessages":[],"meta":{}},{"ancestorTitles":["ZoomAFriendPanel","Team Member Selection"],"fullName":"ZoomAFriendPanel Team Member Selection shows loading state when selecting a team member","status":"passed","title":"shows loading state when selecting a team member","duration":21.182874999999967,"failureMessages":[],"meta":{}},{"ancestorTitles":["ZoomAFriendPanel","Team Member Selection"],"fullName":"ZoomAFriendPanel Team Member Selection emits session-started event when team member is selected","status":"passed","title":"emits session-started event when team member is selected","duration":18.190000000000055,"failureMessages":[],"meta":{}},{"ancestorTitles":["ZoomAFriendPanel","Active Session"],"fullName":"ZoomAFriendPanel Active Session switches to active session view","status":"passed","title":"switches to active session view","duration":5.417083000000048,"failureMessages":[],"meta":{}},{"ancestorTitles":["ZoomAFriendPanel","Active Session"],"fullName":"ZoomAFriendPanel Active Session displays current team member info","status":"passed","title":"displays current team member info","duration":2.3273750000000746,"failureMessages":[],"meta":{}},{"ancestorTitles":["ZoomAFriendPanel","Active Session"],"fullName":"ZoomAFriendPanel Active Session shows initial greeting message","status":"passed","title":"shows initial greeting message","duration":2.186916999999994,"failureMessages":[],"meta":{}},{"ancestorTitles":["ZoomAFriendPanel","Active Session"],"fullName":"ZoomAFriendPanel Active Session has input area for user messages","status":"passed","title":"has input area for user messages","duration":2.631874999999809,"failureMessages":[],"meta":{}},{"ancestorTitles":["ZoomAFriendPanel","Active Session"],"fullName":"ZoomAFriendPanel Active Session shows end session button","status":"passed","title":"shows end session button","duration":7.095874999999978,"failureMessages":[],"meta":{}},{"ancestorTitles":["ZoomAFriendPanel","Message Interaction"],"fullName":"ZoomAFriendPanel Message Interaction enables send button when input has text","status":"passed","title":"enables send button when input has text","duration":3.198374999999942,"failureMessages":[],"meta":{}},{"ancestorTitles":["ZoomAFriendPanel","Message Interaction"],"fullName":"ZoomAFriendPanel Message Interaction sends message on enter key","status":"passed","title":"sends message on enter key","duration":225.36908399999993,"failureMessages":[],"meta":{}},{"ancestorTitles":["ZoomAFriendPanel","Message Interaction"],"fullName":"ZoomAFriendPanel Message Interaction clears input after sending message","status":"passed","title":"clears input after sending message","duration":5.874374999999873,"failureMessages":[],"meta":{}},{"ancestorTitles":["ZoomAFriendPanel","Session Management"],"fullName":"ZoomAFriendPanel Session Management ends session when end button is clicked","status":"passed","title":"ends session when end button is clicked","duration":3.4854159999999865,"failureMessages":[],"meta":{}},{"ancestorTitles":["ZoomAFriendPanel","Team Member Dialog Patterns","QA Pufferfish Dialog"],"fullName":"ZoomAFriendPanel Team Member Dialog Patterns QA Pufferfish Dialog generates bug-focused responses","status":"passed","title":"generates bug-focused responses","duration":6.436083999999937,"failureMessages":[],"meta":{}},{"ancestorTitles":["ZoomAFriendPanel","Team Member Dialog Patterns","QA Pufferfish Dialog"],"fullName":"ZoomAFriendPanel Team Member Dialog Patterns QA Pufferfish Dialog includes QA-specific key terms","status":"passed","title":"includes QA-specific key terms","duration":2.8874580000001515,"failureMessages":[],"meta":{}},{"ancestorTitles":["ZoomAFriendPanel","Team Member Dialog Patterns","Architect Owl Dialog"],"fullName":"ZoomAFriendPanel Team Member Dialog Patterns Architect Owl Dialog generates architecture-focused responses","status":"failed","title":"generates architecture-focused responses","duration":8.571541000000025,"failureMessages":["AssertionError: expected '🐡puffy 01:33 pmpuff puff! ai-generat…' to match /hoot|hoo|screech|flutter/\n    at ./src/components/__tests__/ZoomAFriendPanel.spec.ts:272:29\n    at file://./node_modules/@vitest/runner/dist/chunk-hooks.js:752:20"],"meta":{}},{"ancestorTitles":["ZoomAFriendPanel","Team Member Dialog Patterns","Architect Owl Dialog"],"fullName":"ZoomAFriendPanel Team Member Dialog Patterns Architect Owl Dialog includes architecture-specific key terms","status":"failed","title":"includes architecture-specific key terms","duration":3.8811249999998836,"failureMessages":["AssertionError: expected false to be true // Object.is equality\n    at ./src/components/__tests__/ZoomAFriendPanel.spec.ts:286:12\n    at file://./node_modules/@vitest/runner/dist/chunk-hooks.js:752:20"],"meta":{}},{"ancestorTitles":["ZoomAFriendPanel","Team Member Dialog Patterns","Product Owner Pig Dialog"],"fullName":"ZoomAFriendPanel Team Member Dialog Patterns Product Owner Pig Dialog generates requirements-focused responses","status":"failed","title":"generates requirements-focused responses","duration":3.597707999999784,"failureMessages":["AssertionError: expected '🐡puffy 01:33 pmpuff puff! ai-generat…' to match /oink|snort|grunt|squeal/\n    at ./src/components/__tests__/ZoomAFriendPanel.spec.ts:300:29\n    at file://./node_modules/@vitest/runner/dist/chunk-hooks.js:752:20"],"meta":{}},{"ancestorTitles":["ZoomAFriendPanel","Team Member Dialog Patterns","Product Owner Pig Dialog"],"fullName":"ZoomAFriendPanel Team Member Dialog Patterns Product Owner Pig Dialog includes product-specific key terms","status":"failed","title":"includes product-specific key terms","duration":2.7404579999999896,"failureMessages":["AssertionError: expected false to be true // Object.is equality\n    at ./src/components/__tests__/ZoomAFriendPanel.spec.ts:314:12\n    at file://./node_modules/@vitest/runner/dist/chunk-hooks.js:752:20"],"meta":{}},{"ancestorTitles":["ZoomAFriendPanel","Team Member Dialog Patterns","Senior Developer Cat Dialog"],"fullName":"ZoomAFriendPanel Team Member Dialog Patterns Senior Developer Cat Dialog generates code-focused responses","status":"failed","title":"generates code-focused responses","duration":2.828958000000057,"failureMessages":["AssertionError: expected '🐡puffy 01:33 pmpuff puff! ai-generat…' to match /meow|purr|hiss|mrow/\n    at ./src/components/__tests__/ZoomAFriendPanel.spec.ts:328:29\n    at file://./node_modules/@vitest/runner/dist/chunk-hooks.js:752:20"],"meta":{}},{"ancestorTitles":["ZoomAFriendPanel","Team Member Dialog Patterns","Senior Developer Cat Dialog"],"fullName":"ZoomAFriendPanel Team Member Dialog Patterns Senior Developer Cat Dialog includes development-specific key terms","status":"failed","title":"includes development-specific key terms","duration":1.8734159999999065,"failureMessages":["AssertionError: expected false to be true // Object.is equality\n    at ./src/components/__tests__/ZoomAFriendPanel.spec.ts:342:12\n    at file://./node_modules/@vitest/runner/dist/chunk-hooks.js:752:20"],"meta":{}},{"ancestorTitles":["ZoomAFriendPanel","Responsive Design"],"fullName":"ZoomAFriendPanel Responsive Design uses responsive grid for team member selection","status":"passed","title":"uses responsive grid for team member selection","duration":0.8132080000000315,"failureMessages":[],"meta":{}},{"ancestorTitles":["ZoomAFriendPanel","Responsive Design"],"fullName":"ZoomAFriendPanel Responsive Design has scrollable message container","status":"passed","title":"has scrollable message container","duration":1.68162499999994,"failureMessages":[],"meta":{}},{"ancestorTitles":["ZoomAFriendPanel","Accessibility"],"fullName":"ZoomAFriendPanel Accessibility has proper button labels and roles","status":"passed","title":"has proper button labels and roles","duration":0.8243749999999181,"failureMessages":[],"meta":{}},{"ancestorTitles":["ZoomAFriendPanel","Accessibility"],"fullName":"ZoomAFriendPanel Accessibility has proper input labels and placeholders","status":"passed","title":"has proper input labels and placeholders","duration":1.6921250000000327,"failureMessages":[],"meta":{}},{"ancestorTitles":["ZoomAFriendPanel","Accessibility"],"fullName":"ZoomAFriendPanel Accessibility shows loading states with proper indicators","status":"passed","title":"shows loading states with proper indicators","duration":1.8880409999999301,"failureMessages":[],"meta":{}},{"ancestorTitles":["ZoomAFriendPanel","AI-Powered Features"],"fullName":"ZoomAFriendPanel AI-Powered Features displays action buttons for code comments and review","status":"passed","title":"displays action buttons for code comments and review","duration":1.7985410000001139,"failureMessages":[],"meta":{}},{"ancestorTitles":["ZoomAFriendPanel","AI-Powered Features"],"fullName":"ZoomAFriendPanel AI-Powered Features generates code comments when button is clicked","status":"passed","title":"generates code comments when button is clicked","duration":4.565540999999939,"failureMessages":[],"meta":{}},{"ancestorTitles":["ZoomAFriendPanel","AI-Powered Features"],"fullName":"ZoomAFriendPanel AI-Powered Features triggers code review when review button is clicked","status":"failed","title":"triggers code review when review button is clicked","duration":8.540833999999904,"failureMessages":["AssertionError: expected '' to contain 'review'\n    at ./src/components/__tests__/ZoomAFriendPanel.spec.ts:446:57\n    at file://./node_modules/@vitest/runner/dist/chunk-hooks.js:752:20"],"meta":{}},{"ancestorTitles":["ZoomAFriendPanel","AI-Powered Features"],"fullName":"ZoomAFriendPanel AI-Powered Features uses AI service for generating responses","status":"passed","title":"uses AI service for generating responses","duration":2.116792000000032,"failureMessages":[],"meta":{}},{"ancestorTitles":["ZoomAFriendPanel","Code Comments Generation"],"fullName":"ZoomAFriendPanel Code Comments Generation generates role-specific code comments","status":"passed","title":"generates role-specific code comments","duration":2.630957999999964,"failureMessages":[],"meta":{}},{"ancestorTitles":["ZoomAFriendPanel","Code Comments Generation"],"fullName":"ZoomAFriendPanel Code Comments Generation includes code comments in dialog responses when requested","status":"passed","title":"includes code comments in dialog responses when requested","duration":3.467582999999877,"failureMessages":[],"meta":{}},{"ancestorTitles":["ZoomAFriendPanel","Code Comments Generation"],"fullName":"ZoomAFriendPanel Code Comments Generation handles code comment generation errors gracefully","status":"failed","title":"handles code comment generation errors gracefully","duration":3.311916999999994,"failureMessages":["AssertionError: expected '🐡Puffy 01:33 PM💬 I\\'ve added 1 code…' to contain 'trouble'\n    at ./src/components/__tests__/ZoomAFriendPanel.spec.ts:523:34\n    at file://./node_modules/@vitest/runner/dist/chunk-hooks.js:752:20"],"meta":{}},{"ancestorTitles":["ZoomAFriendPanel","Sound Effects Integration"],"fullName":"ZoomAFriendPanel Sound Effects Integration plays sound effects for team member interactions","status":"failed","title":"plays sound effects for team member interactions","duration":2.5098330000000715,"failureMessages":["AssertionError: expected \"spy\" to be called with arguments: [ Any<Object>, 'greeting' ]\u001b[90m\n\nNumber of calls: \u001b[1m0\u001b[22m\n\u001b[39m\n    at Proxy.<anonymous> (file://./node_modules/@vitest/expect/dist/index.js:1355:10)\n    at Proxy.<anonymous> (file://./node_modules/@vitest/expect/dist/index.js:1029:14)\n    at Proxy.methodWrapper (file://./node_modules/chai/chai.js:1706:25)\n    at ./src/components/__tests__/ZoomAFriendPanel.spec.ts:540:34\n    at file://./node_modules/@vitest/runner/dist/chunk-hooks.js:752:20"],"meta":{}},{"ancestorTitles":["ZoomAFriendPanel","Sound Effects Integration"],"fullName":"ZoomAFriendPanel Sound Effects Integration plays sound effects when generating code comments","status":"failed","title":"plays sound effects when generating code comments","duration":1.8822920000000067,"failureMessages":["AssertionError: expected \"spy\" to be called with arguments: [ Any<Object>, 'comment' ]\u001b[90m\n\nNumber of calls: \u001b[1m0\u001b[22m\n\u001b[39m\n    at Proxy.<anonymous> (file://./node_modules/@vitest/expect/dist/index.js:1355:10)\n    at Proxy.<anonymous> (file://./node_modules/@vitest/expect/dist/index.js:1029:14)\n    at Proxy.methodWrapper (file://./node_modules/chai/chai.js:1706:25)\n    at ./src/components/__tests__/ZoomAFriendPanel.spec.ts:553:34\n    at file://./node_modules/@vitest/runner/dist/chunk-hooks.js:752:20"],"meta":{}},{"ancestorTitles":["ZoomAFriendPanel","Sound Effects Integration"],"fullName":"ZoomAFriendPanel Sound Effects Integration plays sound effects when sending advice messages","status":"failed","title":"plays sound effects when sending advice messages","duration":1.8741249999998217,"failureMessages":["AssertionError: expected \"spy\" to be called with arguments: [ Any<Object>, 'advice' ]\u001b[90m\n\nNumber of calls: \u001b[1m0\u001b[22m\n\u001b[39m\n    at Proxy.<anonymous> (file://./node_modules/@vitest/expect/dist/index.js:1355:10)\n    at Proxy.<anonymous> (file://./node_modules/@vitest/expect/dist/index.js:1029:14)\n    at Proxy.methodWrapper (file://./node_modules/chai/chai.js:1706:25)\n    at ./src/components/__tests__/ZoomAFriendPanel.spec.ts:569:34\n    at file://./node_modules/@vitest/runner/dist/chunk-hooks.js:752:20"],"meta":{}},{"ancestorTitles":["ZoomAFriendPanel","Error Handling"],"fullName":"ZoomAFriendPanel Error Handling handles empty input gracefully","status":"passed","title":"handles empty input gracefully","duration":7.217999999999847,"failureMessages":[],"meta":{}},{"ancestorTitles":["ZoomAFriendPanel","Error Handling"],"fullName":"ZoomAFriendPanel Error Handling prevents multiple simultaneous requests","status":"passed","title":"prevents multiple simultaneous requests","duration":4.510833000000048,"failureMessages":[],"meta":{}},{"ancestorTitles":["ZoomAFriendPanel","Error Handling"],"fullName":"ZoomAFriendPanel Error Handling falls back to predefined responses when AI service fails","status":"failed","title":"falls back to predefined responses when AI service fails","duration":2.5588330000000497,"failureMessages":["Error: Cannot call setValue on an empty DOMWrapper.\n    at Object.get (./node_modules/@vue/test-utils/dist/vue-test-utils.cjs.js:1574:27)\n    at ./src/components/__tests__/ZoomAFriendPanel.spec.ts:611:19\n    at file://./node_modules/@vitest/runner/dist/chunk-hooks.js:752:20"],"meta":{}}],"startTime":1755981229747,"endTime":1755981230164.5588,"status":"failed","message":"","name":"./src/components/__tests__/ZoomAFriendPanel.spec.ts"},{"assertionResults":[{"ancestorTitles":["Complexasaur","Monster Properties"],"fullName":"Complexasaur Monster Properties should have correct basic properties","status":"passed","title":"should have correct basic properties","duration":0.8886660000000006,"failureMessages":[],"meta":{}},{"ancestorTitles":["Complexasaur","Monster Properties"],"fullName":"Complexasaur Monster Properties should have complexity-focused special abilities","status":"passed","title":"should have complexity-focused special abilities","duration":0.44991700000002766,"failureMessages":[],"meta":{}},{"ancestorTitles":["Complexasaur","Monster Properties"],"fullName":"Complexasaur Monster Properties should have simplification-focused weaknesses","status":"passed","title":"should have simplification-focused weaknesses","duration":0.14133299999997462,"failureMessages":[],"meta":{}},{"ancestorTitles":["Complexasaur","Monster Properties"],"fullName":"Complexasaur Monster Properties should have complexity-related code patterns","status":"passed","title":"should have complexity-related code patterns","duration":0.27166699999997945,"failureMessages":[],"meta":{}},{"ancestorTitles":["Complexasaur","JavaScript Code Generation"],"fullName":"Complexasaur JavaScript Code Generation should generate deeply nested user registration code","status":"passed","title":"should generate deeply nested user registration code","duration":0.21320800000000872,"failureMessages":[],"meta":{}},{"ancestorTitles":["Complexasaur","JavaScript Code Generation"],"fullName":"Complexasaur JavaScript Code Generation should demonstrate excessive nesting","status":"passed","title":"should demonstrate excessive nesting","duration":0.18408400000004121,"failureMessages":[],"meta":{}},{"ancestorTitles":["Complexasaur","JavaScript Code Generation"],"fullName":"Complexasaur JavaScript Code Generation should include complexity-related problems","status":"passed","title":"should include complexity-related problems","duration":0.127708000000041,"failureMessages":[],"meta":{}},{"ancestorTitles":["Complexasaur","JavaScript Code Generation"],"fullName":"Complexasaur JavaScript Code Generation should provide refactoring hints","status":"passed","title":"should provide refactoring hints","duration":0.09462499999995089,"failureMessages":[],"meta":{}},{"ancestorTitles":["Complexasaur","JavaScript Code Generation"],"fullName":"Complexasaur JavaScript Code Generation should include clear refactoring requirements","status":"passed","title":"should include clear refactoring requirements","duration":0.10725000000002183,"failureMessages":[],"meta":{}},{"ancestorTitles":["Complexasaur","JavaScript Code Generation"],"fullName":"Complexasaur JavaScript Code Generation should generate additional complexity for higher difficulty","status":"passed","title":"should generate additional complexity for higher difficulty","duration":0.10379199999999855,"failureMessages":[],"meta":{}},{"ancestorTitles":["Complexasaur","Python Code Generation"],"fullName":"Complexasaur Python Code Generation should generate Python code with deep nesting","status":"passed","title":"should generate Python code with deep nesting","duration":0.09629200000000537,"failureMessages":[],"meta":{}},{"ancestorTitles":["Complexasaur","Python Code Generation"],"fullName":"Complexasaur Python Code Generation should demonstrate Python-specific nesting patterns","status":"passed","title":"should demonstrate Python-specific nesting patterns","duration":0.14920799999998735,"failureMessages":[],"meta":{}},{"ancestorTitles":["Complexasaur","Python Code Generation"],"fullName":"Complexasaur Python Code Generation should include Python-specific hints","status":"passed","title":"should include Python-specific hints","duration":0.07462500000002592,"failureMessages":[],"meta":{}},{"ancestorTitles":["Complexasaur","Complexity Patterns"],"fullName":"Complexasaur Complexity Patterns should create monolithic functions","status":"passed","title":"should create monolithic functions","duration":0.0438750000000141,"failureMessages":[],"meta":{}},{"ancestorTitles":["Complexasaur","Complexity Patterns"],"fullName":"Complexasaur Complexity Patterns should demonstrate complex boolean logic","status":"passed","title":"should demonstrate complex boolean logic","duration":0.04808400000001711,"failureMessages":[],"meta":{}},{"ancestorTitles":["Complexasaur","Complexity Patterns"],"fullName":"Complexasaur Complexity Patterns should have excessive parameter lists","status":"passed","title":"should have excessive parameter lists","duration":0.05420800000001691,"failureMessages":[],"meta":{}},{"ancestorTitles":["Complexasaur","Cognitive Load Testing"],"fullName":"Complexasaur Cognitive Load Testing should create code that exceeds reasonable complexity","status":"passed","title":"should create code that exceeds reasonable complexity","duration":0.1153749999999718,"failureMessages":[],"meta":{}},{"ancestorTitles":["Complexasaur","Cognitive Load Testing"],"fullName":"Complexasaur Cognitive Load Testing should require significant refactoring effort","status":"passed","title":"should require significant refactoring effort","duration":0.09012500000000045,"failureMessages":[],"meta":{}}],"startTime":1755981234489,"endTime":1755981234493.1155,"status":"passed","message":"","name":"./src/services/__tests__/Complexasaur.test.ts"},{"assertionResults":[{"ancestorTitles":["Duplicatron","Monster Properties"],"fullName":"Duplicatron Monster Properties should have correct basic properties","status":"passed","title":"should have correct basic properties","duration":1.634916999999973,"failureMessages":[],"meta":{}},{"ancestorTitles":["Duplicatron","Monster Properties"],"fullName":"Duplicatron Monster Properties should have duplication-focused abilities and weaknesses","status":"passed","title":"should have duplication-focused abilities and weaknesses","duration":0.4346659999999929,"failureMessages":[],"meta":{}},{"ancestorTitles":["Duplicatron","Monster Properties"],"fullName":"Duplicatron Monster Properties should have duplication-related code patterns","status":"passed","title":"should have duplication-related code patterns","duration":0.1522499999999809,"failureMessages":[],"meta":{}},{"ancestorTitles":["Duplicatron","Code Generation"],"fullName":"Duplicatron Code Generation should generate JavaScript code with massive duplication","status":"passed","title":"should generate JavaScript code with massive duplication","duration":0.228458000000046,"failureMessages":[],"meta":{}},{"ancestorTitles":["Duplicatron","Code Generation"],"fullName":"Duplicatron Code Generation should demonstrate identical function patterns","status":"passed","title":"should demonstrate identical function patterns","duration":0.5967920000000504,"failureMessages":[],"meta":{}},{"ancestorTitles":["Duplicatron","Code Generation"],"fullName":"Duplicatron Code Generation should include DRY-violation problems","status":"passed","title":"should include DRY-violation problems","duration":0.3852080000000342,"failureMessages":[],"meta":{}},{"ancestorTitles":["Duplicatron","Code Generation"],"fullName":"Duplicatron Code Generation should provide DRY-focused hints","status":"passed","title":"should provide DRY-focused hints","duration":0.6440000000000055,"failureMessages":[],"meta":{}},{"ancestorTitles":["Duplicatron","Code Generation"],"fullName":"Duplicatron Code Generation should generate more duplication for higher difficulty","status":"passed","title":"should generate more duplication for higher difficulty","duration":0.42241599999999835,"failureMessages":[],"meta":{}},{"ancestorTitles":["Duplicatron","Code Generation"],"fullName":"Duplicatron Code Generation should generate Python code with similar duplication patterns","status":"passed","title":"should generate Python code with similar duplication patterns","duration":0.3348750000000109,"failureMessages":[],"meta":{}},{"ancestorTitles":["Duplicatron","Duplication Patterns"],"fullName":"Duplicatron Duplication Patterns should create functions with only minor variations","status":"passed","title":"should create functions with only minor variations","duration":0.27816699999993943,"failureMessages":[],"meta":{}},{"ancestorTitles":["Duplicatron","Duplication Patterns"],"fullName":"Duplicatron Duplication Patterns should demonstrate copy-paste code blocks","status":"passed","title":"should demonstrate copy-paste code blocks","duration":0.28375000000005457,"failureMessages":[],"meta":{}},{"ancestorTitles":["Duplicatron","Duplication Patterns"],"fullName":"Duplicatron Duplication Patterns should require significant refactoring to eliminate duplication","status":"passed","title":"should require significant refactoring to eliminate duplication","duration":0.21583299999997507,"failureMessages":[],"meta":{}}],"startTime":1755981234858,"endTime":1755981234864.2158,"status":"passed","message":"","name":"./src/services/__tests__/Duplicatron.test.ts"},{"assertionResults":[{"ancestorTitles":["HydraBug","Monster Properties"],"fullName":"HydraBug Monster Properties should have correct basic properties","status":"passed","title":"should have correct basic properties","duration":1.4059579999999414,"failureMessages":[],"meta":{}},{"ancestorTitles":["HydraBug","Monster Properties"],"fullName":"HydraBug Monster Properties should have appropriate special abilities","status":"passed","title":"should have appropriate special abilities","duration":0.47841699999992215,"failureMessages":[],"meta":{}},{"ancestorTitles":["HydraBug","Monster Properties"],"fullName":"HydraBug Monster Properties should have appropriate weaknesses","status":"passed","title":"should have appropriate weaknesses","duration":0.13770899999997255,"failureMessages":[],"meta":{}},{"ancestorTitles":["HydraBug","Monster Properties"],"fullName":"HydraBug Monster Properties should have relevant code patterns","status":"passed","title":"should have relevant code patterns","duration":0.2822909999999865,"failureMessages":[],"meta":{}},{"ancestorTitles":["HydraBug","Monster Properties"],"fullName":"HydraBug Monster Properties should have difficulty modifiers","status":"passed","title":"should have difficulty modifiers","duration":0.11683400000003985,"failureMessages":[],"meta":{}},{"ancestorTitles":["HydraBug","JavaScript Code Generation"],"fullName":"HydraBug JavaScript Code Generation should generate JavaScript code with shopping cart bugs","status":"passed","title":"should generate JavaScript code with shopping cart bugs","duration":0.3635419999999385,"failureMessages":[],"meta":{}},{"ancestorTitles":["HydraBug","JavaScript Code Generation"],"fullName":"HydraBug JavaScript Code Generation should include interconnected bugs in generated code","status":"passed","title":"should include interconnected bugs in generated code","duration":0.5093339999999671,"failureMessages":[],"meta":{}},{"ancestorTitles":["HydraBug","JavaScript Code Generation"],"fullName":"HydraBug JavaScript Code Generation should provide helpful hints","status":"passed","title":"should provide helpful hints","duration":0.22195799999997234,"failureMessages":[],"meta":{}},{"ancestorTitles":["HydraBug","JavaScript Code Generation"],"fullName":"HydraBug JavaScript Code Generation should include clear requirements","status":"passed","title":"should include clear requirements","duration":0.29525000000001,"failureMessages":[],"meta":{}},{"ancestorTitles":["HydraBug","JavaScript Code Generation"],"fullName":"HydraBug JavaScript Code Generation should generate more complex code for higher difficulty","status":"passed","title":"should generate more complex code for higher difficulty","duration":0.45008400000006077,"failureMessages":[],"meta":{}},{"ancestorTitles":["HydraBug","TypeScript Code Generation"],"fullName":"HydraBug TypeScript Code Generation should generate TypeScript code (same as JavaScript)","status":"passed","title":"should generate TypeScript code (same as JavaScript)","duration":0.1661659999999756,"failureMessages":[],"meta":{}},{"ancestorTitles":["HydraBug","Python Code Generation"],"fullName":"HydraBug Python Code Generation should generate Python code with shopping cart bugs","status":"passed","title":"should generate Python code with shopping cart bugs","duration":0.3614579999999705,"failureMessages":[],"meta":{}},{"ancestorTitles":["HydraBug","Python Code Generation"],"fullName":"HydraBug Python Code Generation should include Python-specific problems","status":"passed","title":"should include Python-specific problems","duration":0.11812499999996362,"failureMessages":[],"meta":{}},{"ancestorTitles":["HydraBug","Python Code Generation"],"fullName":"HydraBug Python Code Generation should provide Python-specific hints","status":"passed","title":"should provide Python-specific hints","duration":0.06904199999996763,"failureMessages":[],"meta":{}},{"ancestorTitles":["HydraBug","Fallback Language Support"],"fullName":"HydraBug Fallback Language Support should fallback to JavaScript for unsupported languages","status":"passed","title":"should fallback to JavaScript for unsupported languages","duration":0.05062499999996817,"failureMessages":[],"meta":{}},{"ancestorTitles":["HydraBug","Bug Multiplication Patterns"],"fullName":"HydraBug Bug Multiplication Patterns should demonstrate interconnected bugs","status":"passed","title":"should demonstrate interconnected bugs","duration":0.08991600000001654,"failureMessages":[],"meta":{}},{"ancestorTitles":["HydraBug","Bug Multiplication Patterns"],"fullName":"HydraBug Bug Multiplication Patterns should include fragile conditional logic","status":"passed","title":"should include fragile conditional logic","duration":0.04845799999998235,"failureMessages":[],"meta":{}}],"startTime":1755981234858,"endTime":1755981234863.3616,"status":"passed","message":"","name":"./src/services/__tests__/HydraBug.test.ts"},{"assertionResults":[{"ancestorTitles":["MemoryleakOdactyl","Monster Properties"],"fullName":"MemoryleakOdactyl Monster Properties should have correct basic properties","status":"passed","title":"should have correct basic properties","duration":1.823541999999975,"failureMessages":[],"meta":{}},{"ancestorTitles":["MemoryleakOdactyl","Monster Properties"],"fullName":"MemoryleakOdactyl Monster Properties should have memory-focused abilities and weaknesses","status":"passed","title":"should have memory-focused abilities and weaknesses","duration":0.5268749999999613,"failureMessages":[],"meta":{}},{"ancestorTitles":["MemoryleakOdactyl","Monster Properties"],"fullName":"MemoryleakOdactyl Monster Properties should have memory leak code patterns","status":"passed","title":"should have memory leak code patterns","duration":0.13979199999999992,"failureMessages":[],"meta":{}},{"ancestorTitles":["MemoryleakOdactyl","Code Generation"],"fullName":"MemoryleakOdactyl Code Generation should generate JavaScript code with memory leaks","status":"passed","title":"should generate JavaScript code with memory leaks","duration":0.19462499999997362,"failureMessages":[],"meta":{}},{"ancestorTitles":["MemoryleakOdactyl","Code Generation"],"fullName":"MemoryleakOdactyl Code Generation should demonstrate uncleaned event listeners","status":"passed","title":"should demonstrate uncleaned event listeners","duration":0.14033399999999574,"failureMessages":[],"meta":{}},{"ancestorTitles":["MemoryleakOdactyl","Code Generation"],"fullName":"MemoryleakOdactyl Code Generation should demonstrate timer leaks","status":"passed","title":"should demonstrate timer leaks","duration":0.3953329999999937,"failureMessages":[],"meta":{}},{"ancestorTitles":["MemoryleakOdactyl","Code Generation"],"fullName":"MemoryleakOdactyl Code Generation should demonstrate circular references","status":"passed","title":"should demonstrate circular references","duration":0.35308400000002393,"failureMessages":[],"meta":{}},{"ancestorTitles":["MemoryleakOdactyl","Code Generation"],"fullName":"MemoryleakOdactyl Code Generation should include memory leak problems","status":"passed","title":"should include memory leak problems","duration":0.35024999999996,"failureMessages":[],"meta":{}},{"ancestorTitles":["MemoryleakOdactyl","Code Generation"],"fullName":"MemoryleakOdactyl Code Generation should provide memory management hints","status":"passed","title":"should provide memory management hints","duration":0.18745799999999235,"failureMessages":[],"meta":{}},{"ancestorTitles":["MemoryleakOdactyl","Code Generation"],"fullName":"MemoryleakOdactyl Code Generation should generate additional complexity for higher difficulty","status":"passed","title":"should generate additional complexity for higher difficulty","duration":0.19950000000000045,"failureMessages":[],"meta":{}},{"ancestorTitles":["MemoryleakOdactyl","Code Generation"],"fullName":"MemoryleakOdactyl Code Generation should generate Python code with memory leaks","status":"passed","title":"should generate Python code with memory leaks","duration":0.12695899999999938,"failureMessages":[],"meta":{}},{"ancestorTitles":["MemoryleakOdactyl","Memory Leak Patterns"],"fullName":"MemoryleakOdactyl Memory Leak Patterns should demonstrate cache that grows indefinitely","status":"passed","title":"should demonstrate cache that grows indefinitely","duration":0.08487500000001091,"failureMessages":[],"meta":{}},{"ancestorTitles":["MemoryleakOdactyl","Memory Leak Patterns"],"fullName":"MemoryleakOdactyl Memory Leak Patterns should demonstrate DOM element accumulation","status":"passed","title":"should demonstrate DOM element accumulation","duration":0.08029199999998582,"failureMessages":[],"meta":{}},{"ancestorTitles":["Me
[...]
ement System"],"fullName":"User Progress Store Achievement System should award first victory achievement","status":"passed","title":"should award first victory achievement","duration":3.5976670000000013,"failureMessages":[],"meta":{}},{"ancestorTitles":["User Progress Store","Achievement System"],"fullName":"User Progress Store Achievement System should award streak achievements","status":"passed","title":"should award streak achievements","duration":1.929290999999921,"failureMessages":[],"meta":{}},{"ancestorTitles":["User Progress Store","Achievement System"],"fullName":"User Progress Store Achievement System should award perfectionist achievement for high scores","status":"passed","title":"should award perfectionist achievement for high scores","duration":0.6024999999999636,"failureMessages":[],"meta":{}},{"ancestorTitles":["User Progress Store","Achievement System"],"fullName":"User Progress Store Achievement System should provide milestone encouragement messages","status":"passed","title":"should provide milestone encouragement messages","duration":0.6164999999999736,"failureMessages":[],"meta":{}},{"ancestorTitles":["User Progress Store","Difficulty Progression"],"fullName":"User Progress Store Difficulty Progression should unlock intermediate difficulty after 5 completed challenges","status":"passed","title":"should unlock intermediate difficulty after 5 completed challenges","duration":0.4881670000000895,"failureMessages":[],"meta":{}},{"ancestorTitles":["User Progress Store","Difficulty Progression"],"fullName":"User Progress Store Difficulty Progression should unlock advanced difficulty with good performance","status":"passed","title":"should unlock advanced difficulty with good performance","duration":1.3206670000000713,"failureMessages":[],"meta":{}},{"ancestorTitles":["User Progress Store","Computed Properties"],"fullName":"User Progress Store Computed Properties should calculate current level correctly","status":"passed","title":"should calculate current level correctly","duration":0.16362499999991087,"failureMessages":[],"meta":{}},{"ancestorTitles":["User Progress Store","Computed Properties"],"fullName":"User Progress Store Computed Properties should calculate next level progress correctly","status":"passed","title":"should calculate next level progress correctly","duration":0.1197500000000673,"failureMessages":[],"meta":{}},{"ancestorTitles":["User Progress Store","Computed Properties"],"fullName":"User Progress Store Computed Properties should return recent achievements in correct order","status":"passed","title":"should return recent achievements in correct order","duration":0.1949579999999287,"failureMessages":[],"meta":{}},{"ancestorTitles":["User Progress Store","Utility Methods"],"fullName":"User Progress Store Utility Methods should update Kaiju defeated count","status":"passed","title":"should update Kaiju defeated count","duration":0.11350000000004457,"failureMessages":[],"meta":{}},{"ancestorTitles":["User Progress Store","Utility Methods"],"fullName":"User Progress Store Utility Methods should update category completed count","status":"passed","title":"should update category completed count","duration":0.10329200000001038,"failureMessages":[],"meta":{}},{"ancestorTitles":["User Progress Store","Utility Methods"],"fullName":"User Progress Store Utility Methods should update user preferences","status":"passed","title":"should update user preferences","duration":0.1528329999999869,"failureMessages":[],"meta":{}},{"ancestorTitles":["User Progress Store","Utility Methods"],"fullName":"User Progress Store Utility Methods should reset progress correctly","status":"passed","title":"should reset progress correctly","duration":0.2163340000000744,"failureMessages":[],"meta":{}}],"startTime":1755981233934,"endTime":1755981233962.2163,"status":"passed","message":"","name":"./src/stores/__tests__/userProgressStore.test.ts"},{"assertionResults":[{"ancestorTitles":["aiConfig","getEnvironmentConfig"],"fullName":"aiConfig getEnvironmentConfig should return environment variables when available","status":"passed","title":"should return environment variables when available","duration":1.8379580000000715,"failureMessages":[],"meta":{}},{"ancestorTitles":["aiConfig","getEnvironmentConfig"],"fullName":"aiConfig getEnvironmentConfig should return empty config when environment is not available","status":"passed","title":"should return empty config when environment is not available","duration":0.44229200000006585,"failureMessages":[],"meta":{}},{"ancestorTitles":["aiConfig","getEnvironmentConfig"],"fullName":"aiConfig getEnvironmentConfig should handle partial environment configuration","status":"passed","title":"should handle partial environment configuration","duration":0.35312499999997726,"failureMessages":[],"meta":{}},{"ancestorTitles":["aiConfig","createAIConfigFromEnvironment"],"fullName":"aiConfig createAIConfigFromEnvironment should create config with default values when no environment variables","status":"passed","title":"should create config with default values when no environment variables","duration":0.3320420000000013,"failureMessages":[],"meta":{}},{"ancestorTitles":["aiConfig","createAIConfigFromEnvironment"],"fullName":"aiConfig createAIConfigFromEnvironment should auto-detect OpenRouter provider when API key is available","status":"passed","title":"should auto-detect OpenRouter provider when API key is available","duration":0.29729200000008404,"failureMessages":[],"meta":{}},{"ancestorTitles":["aiConfig","createAIConfigFromEnvironment"],"fullName":"aiConfig createAIConfigFromEnvironment should auto-detect Local LLM provider when endpoint is available","status":"passed","title":"should auto-detect Local LLM provider when endpoint is available","duration":0.35787500000003547,"failureMessages":[],"meta":{}},{"ancestorTitles":["aiConfig","createAIConfigFromEnvironment"],"fullName":"aiConfig createAIConfigFromEnvironment should use explicit provider when specified","status":"passed","title":"should use explicit provider when specified","duration":0.165958000000046,"failureMessages":[],"meta":{}},{"ancestorTitles":["aiConfig","createAIConfigFromEnvironment"],"fullName":"aiConfig createAIConfigFromEnvironment should configure Local LLM with custom settings","status":"passed","title":"should configure Local LLM with custom settings","duration":0.3002079999999978,"failureMessages":[],"meta":{}},{"ancestorTitles":["aiConfig","createAIConfigFromEnvironment"],"fullName":"aiConfig createAIConfigFromEnvironment should configure OpenRouter with custom settings","status":"passed","title":"should configure OpenRouter with custom settings","duration":0.6382499999999709,"failureMessages":[],"meta":{}},{"ancestorTitles":["aiConfig","createAIConfigFromEnvironment"],"fullName":"aiConfig createAIConfigFromEnvironment should handle cloud mode configuration","status":"passed","title":"should handle cloud mode configuration","duration":0.2859999999999445,"failureMessages":[],"meta":{}},{"ancestorTitles":["aiConfig","validateAIConfig"],"fullName":"aiConfig validateAIConfig should validate valid Kiro provider config","status":"passed","title":"should validate valid Kiro provider config","duration":1.0702079999999796,"failureMessages":[],"meta":{}},{"ancestorTitles":["aiConfig","validateAIConfig"],"fullName":"aiConfig validateAIConfig should validate valid Local LLM config","status":"passed","title":"should validate valid Local LLM config","duration":0.3940830000000233,"failureMessages":[],"meta":{}},{"ancestorTitles":["aiConfig","validateAIConfig"],"fullName":"aiConfig validateAIConfig should validate valid OpenRouter config","status":"passed","title":"should validate valid OpenRouter config","duration":0.22308400000008533,"failureMessages":[],"meta":{}},{"ancestorTitles":["aiConfig","validateAIConfig"],"fullName":"aiConfig validateAIConfig should reject Local LLM config without endpoint","status":"passed","title":"should reject Local LLM config without endpoint","duration":0.2039159999999356,"failureMessages":[],"meta":{}},{"ancestorTitles":["aiConfig","validateAIConfig"],"fullName":"aiConfig validateAIConfig should reject Local LLM config with invalid endpoint URL","status":"passed","title":"should reject Local LLM config with invalid endpoint URL","duration":0.13087499999994634,"failureMessages":[],"meta":{}},{"ancestorTitles":["aiConfig","validateAIConfig"],"fullName":"aiConfig validateAIConfig should reject OpenRouter config without API key","status":"passed","title":"should reject OpenRouter config without API key","duration":0.06337500000006457,"failureMessages":[],"meta":{}},{"ancestorTitles":["aiConfig","validateAIConfig"],"fullName":"aiConfig validateAIConfig should reject OpenRouter config with invalid base URL","status":"passed","title":"should reject OpenRouter config with invalid base URL","duration":0.13008300000001327,"failureMessages":[],"meta":{}},{"ancestorTitles":["aiConfig","validateAIConfig"],"fullName":"aiConfig validateAIConfig should reject unknown provider","status":"passed","title":"should reject unknown provider","duration":0.08066600000006474,"failureMessages":[],"meta":{}},{"ancestorTitles":["aiConfig","validateAIConfig"],"fullName":"aiConfig validateAIConfig should reject invalid request delay","status":"passed","title":"should reject invalid request delay","duration":0.06429199999990942,"failureMessages":[],"meta":{}},{"ancestorTitles":["aiConfig","validateAIConfig"],"fullName":"aiConfig validateAIConfig should reject invalid Local LLM timeout","status":"passed","title":"should reject invalid Local LLM timeout","duration":0.14887500000008913,"failureMessages":[],"meta":{}},{"ancestorTitles":["aiConfig","validateAIConfig"],"fullName":"aiConfig validateAIConfig should collect multiple validation errors","status":"passed","title":"should collect multiple validation errors","duration":0.15595799999994142,"failureMessages":[],"meta":{}},{"ancestorTitles":["aiConfig","getRecommendedModels"],"fullName":"aiConfig getRecommendedModels should return recommended models for each provider","status":"passed","title":"should return recommended models for each provider","duration":0.21491600000001654,"failureMessages":[],"meta":{}},{"ancestorTitles":["aiConfig","getRecommendedModels"],"fullName":"aiConfig getRecommendedModels should return arrays of strings","status":"passed","title":"should return arrays of strings","duration":0.1666250000000673,"failureMessages":[],"meta":{}},{"ancestorTitles":["aiConfig","createDevelopmentConfig"],"fullName":"aiConfig createDevelopmentConfig should create development configuration","status":"passed","title":"should create development configuration","duration":0.07416600000010476,"failureMessages":[],"meta":{}},{"ancestorTitles":["aiConfig","createDevelopmentConfig"],"fullName":"aiConfig createDevelopmentConfig should create valid development configuration","status":"passed","title":"should create valid development configuration","duration":0.12445800000000418,"failureMessages":[],"meta":{}},{"ancestorTitles":["aiConfig","createProductionConfig"],"fullName":"aiConfig createProductionConfig should create production configuration with provided API key","status":"passed","title":"should create production configuration with provided API key","duration":0.07395899999994526,"failureMessages":[],"meta":{}},{"ancestorTitles":["aiConfig","createProductionConfig"],"fullName":"aiConfig createProductionConfig should create production configuration without API key","status":"passed","title":"should create production configuration without API key","duration":0.07512500000007094,"failureMessages":[],"meta":{}},{"ancestorTitles":["aiConfig","createProductionConfig"],"fullName":"aiConfig createProductionConfig should create valid production configuration","status":"passed","title":"should create valid production configuration","duration":0.13937499999997272,"failureMessages":[],"meta":{}}],"startTime":1755981234225,"endTime":1755981234234.1394,"status":"passed","message":"","name":"./src/utils/__tests__/aiConfig.test.ts"},{"assertionResults":[{"ancestorTitles":["ErrorHandler","Error Creation and Categorization"],"fullName":"ErrorHandler Error Creation and Categorization should create AppError from Error object","status":"skipped","title":"should create AppError from Error object","failureMessages":[],"meta":{}},{"ancestorTitles":["ErrorHandler","Error Creation and Categorization"],"fullName":"ErrorHandler Error Creation and Categorization should create AppError from string","status":"skipped","title":"should create AppError from string","failureMessages":[],"meta":{}},{"ancestorTitles":["ErrorHandler","Error Creation and Categorization"],"fullName":"ErrorHandler Error Creation and Categorization should categorize network errors correctly","status":"skipped","title":"should categorize network errors correctly","failureMessages":[],"meta":{}},{"ancestorTitles":["ErrorHandler","Error Creation and Categorization"],"fullName":"ErrorHandler Error Creation and Categorization should categorize AI service errors correctly","status":"skipped","title":"should categorize AI service errors correctly","failureMessages":[],"meta":{}},{"ancestorTitles":["ErrorHandler","Error Creation and Categorization"],"fullName":"ErrorHandler Error Creation and Categorization should categorize validation errors correctly","status":"skipped","title":"should categorize validation errors correctly","failureMessages":[],"meta":{}},{"ancestorTitles":["ErrorHandler","Error Severity Assessment"],"fullName":"ErrorHandler Error Severity Assessment should assign critical severity for fatal errors","status":"skipped","title":"should assign critical severity for fatal errors","failureMessages":[],"meta":{}},{"ancestorTitles":["ErrorHandler","Error Severity Assessment"],"fullName":"ErrorHandler Error Severity Assessment should assign high severity for Kiro integration errors","status":"skipped","title":"should assign high severity for Kiro integration errors","failureMessages":[],"meta":{}},{"ancestorTitles":["ErrorHandler","Error Severity Assessment"],"fullName":"ErrorHandler Error Severity Assessment should assign medium severity for network errors","status":"skipped","title":"should assign medium severity for network errors","failureMessages":[],"meta":{}},{"ancestorTitles":["ErrorHandler","Error Severity Assessment"],"fullName":"ErrorHandler Error Severity Assessment should assign low severity for unknown errors","status":"skipped","title":"should assign low severity for unknown errors","failureMessages":[],"meta":{}},{"ancestorTitles":["ErrorHandler","User Message Generation"],"fullName":"ErrorHandler User Message Generation should generate user-friendly messages for different categories","status":"skipped","title":"should generate user-friendly messages for different categories","failureMessages":[],"meta":{}},{"ancestorTitles":["ErrorHandler","Error History Management"],"fullName":"ErrorHandler Error History Management should maintain error history","status":"skipped","title":"should maintain error history","failureMessages":[],"meta":{}},{"ancestorTitles":["ErrorHandler","Error History Management"],"fullName":"ErrorHandler Error History Management should limit error history to 100 entries","status":"skipped","title":"should limit error history to 100 entries","failureMessages":[],"meta":{}},{"ancestorTitles":["ErrorHandler","Error History Management"],"fullName":"ErrorHandler Error History Management should filter errors by category","status":"skipped","title":"should filter errors by category","failureMessages":[],"meta":{}},{"ancestorTitles":["ErrorHandler","Error History Management"],"fullName":"ErrorHandler Error History Management should filter errors by severity","status":"skipped","title":"should filter errors by severity","failureMessages":[],"meta":{}},{"ancestorTitles":["ErrorHandler","Error History Management"],"fullName":"ErrorHandler Error History Management should clear error history","status":"skipped","title":"should clear error history","failureMessages":[],"meta":{}},{"ancestorTitles":["ErrorHandler","Error Listeners"],"fullName":"ErrorHandler Error Listeners should notify error listeners","status":"skipped","title":"should notify error listeners","failureMessages":[],"meta":{}},{"ancestorTitles":["ErrorHandler","Error Listeners"],"fullName":"ErrorHandler Error Listeners should remove error listeners","status":"skipped","title":"should remove error listeners","failureMessages":[],"meta":{}},{"ancestorTitles":["ErrorHandler","Error Listeners"],"fullName":"ErrorHandler Error Listeners should handle listener errors gracefully","status":"skipped","title":"should handle listener errors gracefully","failureMessages":[],"meta":{}},{"ancestorTitles":["ErrorHandler","Async Error Handling"],"fullName":"ErrorHandler Async Error Handling should handle successful async operations","status":"skipped","title":"should handle successful async operations","failureMessages":[],"meta":{}},{"ancestorTitles":["ErrorHandler","Async Error Handling"],"fullName":"ErrorHandler Async Error Handling should retry failed async operations","status":"skipped","title":"should retry failed async operations","failureMessages":[],"meta":{}},{"ancestorTitles":["ErrorHandler","Async Error Handling"],"fullName":"ErrorHandler Async Error Handling should fail after max retries","status":"skipped","title":"should fail after max retries","failureMessages":[],"meta":{}},{"ancestorTitles":["ErrorHandler","Async Error Handling"],"fullName":"ErrorHandler Async Error Handling should not retry non-retryable errors","status":"skipped","title":"should not retry non-retryable errors","failureMessages":[],"meta":{}},{"ancestorTitles":["ErrorHandler","Async Error Handling"],"fullName":"ErrorHandler Async Error Handling should apply exponential backoff","status":"skipped","title":"should apply exponential backoff","failureMessages":[],"meta":{}},{"ancestorTitles":["ErrorHandler","Context and Options"],"fullName":"ErrorHandler Context and Options should include context in error","status":"skipped","title":"should include context in error","failureMessages":[],"meta":{}},{"ancestorTitles":["ErrorHandler","Context and Options"],"fullName":"ErrorHandler Context and Options should respect logging options","status":"skipped","title":"should respect logging options","failureMessages":[],"meta":{}},{"ancestorTitles":["ErrorHandler","Convenience Functions"],"fullName":"ErrorHandler Convenience Functions should work with handleError function","status":"skipped","title":"should work with handleError function","failureMessages":[],"meta":{}},{"ancestorTitles":["ErrorHandler","Convenience Functions"],"fullName":"ErrorHandler Convenience Functions should work with handleAsyncError function","status":"skipped","title":"should work with handleAsyncError function","failureMessages":[],"meta":{}},{"ancestorTitles":["ErrorHandler","Error Code Generation"],"fullName":"ErrorHandler Error Code Generation should generate unique error codes","status":"skipped","title":"should generate unique error codes","failureMessages":[],"meta":{}},{"ancestorTitles":["ErrorHandler","Error Code Generation"],"fullName":"ErrorHandler Error Code Generation should generate unique error IDs","status":"skipped","title":"should generate unique error IDs","failureMessages":[],"meta":{}},{"ancestorTitles":["ErrorHandler","Retryable Error Detection"],"fullName":"ErrorHandler Retryable Error Detection should identify retryable errors","status":"skipped","title":"should identify retryable errors","failureMessages":[],"meta":{}},{"ancestorTitles":["ErrorHandler","Retryable Error Detection"],"fullName":"ErrorHandler Retryable Error Detection should identify non-retryable errors","status":"skipped","title":"should identify non-retryable errors","failureMessages":[],"meta":{}}],"startTime":1755981228486,"endTime":1755981228486,"status":"passed","message":"","name":"./src/utils/__tests__/errorHandler.test.ts"}]}